Tcnt,Time,V1,V2,V3,V4,V5,V6,V7,V8,V1os,chg,disch,Ref-,Ref+,Iavg,Iinst,Vtot,V1_BG,Temp,SOH,Cylcnt,SOC,BalB,BalT,Addr,Tic,dTic
1, 06/30/2014 04:17:19 PM, 4.106, 4.111, 4.118, 4.114, 4.141, 4.133, 4.146, 4.141, 0.096, 0, 3, 2.588, 4.382, 0.000, -0.001, 33.01, 4.103, 26.650, 0, 0, 95, 0, 0, 0x50, 850884, 1
2, 06/30/2014 04:17:20 PM, 4.106, 4.108, 4.118, 4.114, 4.141, 4.133, 4.146, 4.139, 0.096, 0, 3, 2.588, 4.382, 0.000, -0.001, 33.005, 4.103, 26.650, 0, 0, 95, 0, 0, 0x50, 850885, 1
3, 06/30/2014 04:17:21 PM, 4.106, 4.111, 4.116, 4.114, 4.143, 4.133, 4.146, 4.139, 0.096, 0, 3, 2.588, 4.382, 0.000, -0.001, 33.008, 4.103, 26.650, 0, 0, 95, 0, 0, 0x50, 850886, 1
4, 06/30/2014 04:17:22 PM, 4.106, 4.111, 4.116, 4.114, 4.143, 4.133, 4.146, 4.141, 0.096, 0, 3, 2.588, 4.382, 0.000, -0.001, 33.01, 4.103, 26.650, 0, 0, 95, 0, 0, 0x50, 850887, 1
5, 06/30/2014 04:17:23 PM, 4.106, 4.111, 4.116, 4.114, 4.141, 4.133, 4.146, 4.146, 0.096, 0, 3, 2.588, 4.382, 0.000, -0.001, 33.013, 4.103, 26.650, 0, 0, 95, 0, 0, 0x50, 850888, 1
6, 06/30/2014 04:17:24 PM, 4.106, 4.111, 4.118, 4.114, 4.143, 4.133, 4.146, 4.141, 0.096, 0, 3, 2.588, 4.382, 0.000, -0.001, 33.012, 4.103, 26.650, 0, 0, 95, 0, 0, 0x50, 850889, 1
7, 06/30/2014 04:17:25 PM, 4.106, 4.111, 4.118, 4.114, 4.143, 4.133, 4.146, 4.143, 0.096, 0, 3, 2.588, 4.382, 0.000, -0.001, 33.014, 4.103, 26.650, 0, 0, 95, 0, 0, 0x50, 850890, 1
8, 06/30/2014 04:17:26 PM, 4.106, 4.111, 4.118, 4.114, 4.141, 4.133, 4.146, 4.141, 0.096, 0, 3, 2.588, 4.382, 0.000, -0.001, 33.01, 4.103, 26.650, 0, 0, 95, 0, 0, 0x50, 850891, 1
9, 06/30/2014 04:17:27 PM, 4.106, 4.111, 4.118, 4.114, 4.141, 4.133, 4.146, 4.143, 0.096, 0, 3, 2.588, 4.382, 0.000, -0.001, 33.012, 4.103, 26.650, 0, 0, 95, 0, 0, 0x50, 850892, 1
10, 06/30/2014 04:17:28 PM, 4.106, 4.111, 4.116, 4.114, 4.143, 4.133, 4.146, 4.141, 0.096, 0, 3, 2.588, 4.382, 0.000, -0.001, 33.01, 4.103, 26.650, 0, 0, 95, 0, 0, 0x50, 850893, 1
11, 06/30/2014 04:17:29 PM, 4.106, 4.111, 4.116, 4.114, 4.143, 4.133, 4.146, 4.141, 0.096, 0, 3, 2.588, 4.382, 0.000, -0.001, 33.01, 4.103, 26.650, 0, 0, 95, 0, 0, 0x50, 850894, 1
12, 06/30/2014 04:17:30 PM, 4.106, 4.111, 4.118, 4.116, 4.141, 4.133, 4.146, 4.141, 0.096, 0, 3, 2.588, 4.382, 0.000, -0.001, 33.012, 4.103, 26.650, 0, 0, 95, 0, 0, 0x50, 850895, 1
13, 06/30/2014 04:17:31 PM, 4.106, 4.111, 4.116, 4.114, 4.141, 4.119, 4.146, 4.146, 0.096, 0, 3, 2.588, 4.382, 0.000, -0.001, 32.999, 4.103, 26.650, 0, 0, 95, 0, 0, 0x50, 850896, 1
14, 06/30/2014 04:17:32 PM, 4.106, 4.111, 4.118, 4.118, 4.143, 4.133, 4.146, 4.143, 0.096, 0, 3, 2.588, 4.382, 0.000, -0.001, 33.018, 4.103, 26.650, 0, 0, 95, 0, 0, 0x50, 850897, 1
15, 06/30/2014 04:17:33 PM, 4.106, 4.111, 4.118, 4.114, 4.141, 4.133, 4.146, 4.146, 0.096, 0, 3, 2.588, 4.382, 0.000, -0.001, 33.015, 4.103, 26.650, 0, 0, 95, 0, 0, 0x50, 850898, 1
16, 06/30/2014 04:17:34 PM, 4.106, 4.111, 4.116, 4.114, 4.141, 4.133, 4.146, 4.146, 0.096, 0, 3, 2.588, 4.382, 0.000, -0.001, 33.013, 4.103, 26.650, 0, 0, 95, 0, 0, 0x50, 850899, 1
17, 06/30/2014 04:17:35 PM, 4.106, 4.111, 4.118, 4.114, 4.143, 4.133, 4.146, 4.141, 0.096, 0, 3, 2.588, 4.382, 0.000, -0.001, 33.012, 4.103, 26.650, 0, 0, 95, 0, 0, 0x50, 850900, 1
18, 06/30/2014 04:17:36 PM, 4.106, 4.111, 4.116, 4.114, 4.141, 4.133, 4.146, 4.143, 0.096, 0, 3, 2.588, 4.382, 0.000, -0.001, 33.01, 4.103, 26.650, 0, 0, 95, 0, 0, 0x50, 850901, 1
19, 06/30/2014 04:17:37 PM, 4.106, 4.111, 4.118, 4.114, 4.143, 4.133, 4.146, 4.143, 0.096, 0, 3, 2.588, 4.382, 0.000, -0.001, 33.014, 4.103, 26.650, 0, 0, 95, 0, 0, 0x50, 850902, 1
20, 06/30/2014 04:17:38 PM, 4.106, 4.111, 4.118, 4.114, 4.143, 4.133, 4.146, 4.141, 0.096, 0, 3, 2.588, 4.382, 0.000, -0.001, 33.012, 4.103, 26.650, 0, 0, 95, 0, 0, 0x50, 850903, 1
21, 06/30/2014 04:17:39 PM, 4.106, 4.111, 4.118, 4.114, 4.141, 4.133, 4.146, 4.139, 0.096, 0, 3, 2.588, 4.382, 0.000, -0.001, 33.008, 4.103, 26.650, 0, 0, 95, 0, 0, 0x50, 850904, 1
22, 06/30/2014 04:17:40 PM, 4.106, 4.111, 4.118, 4.114, 4.143, 4.133, 4.146, 4.143, 0.096, 0, 3, 2.588, 4.382, 0.000, -0.001, 33.014, 4.103, 26.650, 0, 0, 95, 0, 0, 0x50, 850905, 1
23, 06/30/2014 04:17:41 PM, 4.106, 4.111, 4.118, 4.114, 4.141, 4.133, 4.146, 4.139, 0.096, 0, 3, 2.588, 4.382, 0.000, -0.001, 33.008, 4.103, 26.650, 0, 0, 95, 0, 0, 0x50, 850906, 1
24, 06/30/2014 04:17:42 PM, 4.106, 4.111, 4.118, 4.114, 4.141, 4.133, 4.146, 4.141, 0.096, 0, 3, 2.588, 4.382, 0.000, -0.001, 33.01, 4.103, 26.650, 0, 0, 95, 0, 0, 0x50, 850907, 1
25, 06/30/2014 04:17:43 PM, 4.106, 4.111, 4.118, 4.114, 4.141, 4.133, 4.146, 4.146, 0.096, 0, 3, 2.588, 4.382, 0.000, -0.001, 33.015, 4.103, 26.650, 0, 0, 95, 0, 0, 0x50, 850907, 1
26, 06/30/2014 04:17:44 PM, 4.106, 4.111, 4.118, 4.114, 4.141, 4.133, 4.146, 4.146, 0.096, 0, 3, 2.588, 4.382, 0.000, -0.001, 33.015, 4.103, 26.650, 0, 0, 95, 0, 0, 0x50, 850908, 1
27, 06/30/2014 04:17:45 PM, 4.106, 4.111, 4.118, 4.114, 4.141, 4.133, 4.146, 4.143, 0.096, 0, 3, 2.588, 4.382, 0.000, -0.001, 33.012, 4.103, 26.650, 0, 0, 95, 0, 0, 0x50, 850909, 1
28, 06/30/2014 04:17:46 PM, 4.106, 4.111, 4.116, 4.114, 4.141, 4.133, 4.146, 4.139, 0.096, 0, 3, 2.588, 4.382, 0.000, -0.001, 33.006, 4.103, 26.650, 0, 0, 95, 0, 0, 0x50, 850910, 1
29, 06/30/2014 04:17:47 PM, 4.106, 4.111, 4.118, 4.114, 4.141, 4.133, 4.146, 4.146, 0.096, 0, 3, 2.588, 4.382, 0.000, -0.001, 33.015, 4.103, 26.650, 0, 0, 95, 0, 0, 0x50, 850911, 1
30, 06/30/2014 04:17:48 PM, 4.106, 4.111, 4.116, 4.114, 4.141, 4.133, 4.146, 4.146, 0.096, 0, 3, 2.588, 4.382, 0.000, -0.001, 33.013, 4.103, 26.650, 0, 0, 95, 0, 0, 0x50, 850912, 1
31, 06/30/2014 04:17:49 PM, 4.106, 4.111, 4.118, 4.114, 4.141, 4.133, 4.146, 4.146, 0.096, 0, 3, 2.588, 4.382, 0.000, -0.001, 33.015, 4.103, 26.650, 0, 0, 95, 0, 0, 0x50, 850913, 1
32, 06/30/2014 04:17:50 PM, 4.106, 4.111, 4.116, 4.114, 4.143, 4.133, 4.146, 4.146, 0.096, 0, 3, 2.588, 4.382, 0.000, -0.001, 33.015, 4.103, 26.650, 0, 0, 95, 0, 0, 0x50, 850914, 1
33, 06/30/2014 04:17:51 PM, 4.106, 4.111, 4.118, 4.116, 4.141, 4.133, 4.146, 4.143, 0.096, 0, 3, 2.588, 4.382, 0.000, -0.001, 33.014, 4.103, 26.650, 0, 0, 95, 0, 0, 0x50, 850915, 1
34, 06/30/2014 04:17:52 PM, 4.106, 4.111, 4.118, 4.114, 4.141, 4.133, 4.146, 4.146, 0.096, 0, 3, 2.588, 4.382, 0.000, -0.001, 33.015, 4.103, 26.650, 0, 0, 95, 0, 0, 0x50, 850916, 1
35, 06/30/2014 04:17:53 PM, 4.106, 4.111, 4.116, 4.114, 4.143, 4.133, 4.146, 4.146, 0.096, 0, 3, 2.588, 4.382, 0.000, -0.001, 33.015, 4.103, 26.650, 0, 0, 95, 0, 0, 0x50, 850917, 1
36, 06/30/2014 04:17:54 PM, 4.106, 4.111, 4.118, 4.114, 4.143, 4.133, 4.146, 4.146, 0.096, 0, 3, 2.588, 4.382, 0.000, -0.001, 33.017, 4.103, 26.650, 0, 0, 95, 0, 0, 0x50, 850918, 1
37, 06/30/2014 04:17:55 PM, 4.106, 4.108, 4.116, 4.114, 4.143, 4.133, 4.146, 4.146, 0.096, 0, 3, 2.588, 4.382, 0.000, -0.001, 33.012, 4.103, 26.650, 0, 0, 95, 0, 0, 0x50, 850919, 1
38, 06/30/2014 04:17:56 PM, 4.106, 4.111, 4.116, 4.114, 4.141, 4.133, 4.146, 4.141, 0.096, 0, 3, 2.588, 4.382, 0.000, -0.001, 33.008, 4.102, 26.650, 0, 0, 95, 0, 0, 0x50, 850920, 1
39, 06/30/2014 04:17:57 PM, 4.105, 4.110, 4.117, 4.113, 4.142, 4.132, 4.145, 4.145, 0.097, 0, 3, 2.588, 4.382, 0.000, -0.001, 33.009, 4.102, 26.650, 0, 0, 95, 0, 0, 0x50, 850921, 1
40, 06/30/2014 04:17:58 PM, 4.105, 4.110, 4.115, 4.113, 4.142, 4.132, 4.145, 4.138, 0.097, 0, 3, 2.588, 4.382, 0.000, -0.001, 33.0, 4.102, 26.650, 0, 0, 95, 0, 0, 0x50, 850922, 1
41, 06/30/2014 04:17:59 PM, 4.105, 4.110, 4.115, 4.113, 4.140, 4.132, 4.145, 4.142, 0.097, 0, 3, 2.588, 4.382, 0.000, -0.001, 33.002, 4.102, 26.650, 0, 0, 95, 0, 0, 0x50, 850923, 1
42, 06/30/2014 04:18:00 PM, 4.105, 4.110, 4.117, 4.115, 4.140, 4.132, 4.145, 4.145, 0.097, 0, 3, 2.588, 4.382, 0.000, -0.001, 33.009, 4.102, 26.650, 0, 0, 95, 0, 0, 0x50, 850924, 1
43, 06/30/2014 04:18:01 PM, 4.105, 4.110, 4.115, 4.113, 4.142, 4.132, 4.145, 4.145, 0.097, 0, 3, 2.588, 4.382, 0.000, -0.001, 33.007, 4.102, 26.650, 0, 0, 95, 0, 0, 0x50, 850925, 1
44, 06/30/2014 04:18:02 PM, 4.105, 4.110, 4.117, 4.115, 4.140, 4.132, 4.145, 4.140, 0.097, 0, 3, 2.588, 4.382, 0.000, -0.001, 33.004, 4.102, 26.650, 0, 0, 95, 0, 0, 0x50, 850926, 1
45, 06/30/2014 04:18:03 PM, 4.105, 4.110, 4.117, 4.113, 4.142, 4.132, 4.145, 4.145, 0.097, 0, 3, 2.588, 4.382, 0.000, -0.001, 33.009, 4.102, 26.650, 0, 0, 95, 0, 0, 0x50, 850927, 1
46, 06/30/2014 04:18:04 PM, 4.105, 4.110, 4.117, 4.115, 4.140, 4.132, 4.145, 4.145, 0.097, 0, 3, 2.588, 4.382, 0.000, -0.001, 33.009, 4.102, 26.650, 0, 0, 95, 0, 0, 0x50, 850928, 1
47, 06/30/2014 04:18:05 PM, 4.105, 4.110, 4.117, 4.113, 4.140, 4.132, 4.145, 4.145, 0.097, 0, 3, 2.588, 4.382, 0.000, -0.001, 33.007, 4.102, 26.650, 0, 0, 95, 0, 0, 0x50, 850929, 1
48, 06/30/2014 04:18:06 PM, 4.105, 4.110, 4.117, 4.113, 4.140, 4.132, 4.145, 4.145, 0.097, 0, 3, 2.588, 4.382, 0.000, -0.001, 33.007, 4.102, 26.650, 0, 0, 95, 0, 0, 0x50, 850930, 1
49, 06/30/2014 04:18:07 PM, 4.105, 4.110, 4.117, 4.113, 4.140, 4.132, 4.145, 4.145, 0.097, 0, 3, 2.588, 4.382, 0.000, -0.001, 33.007, 4.102, 26.650, 0, 0, 95, 0, 0, 0x50, 850931, 1
50, 06/30/2014 04:18:08 PM, 4.105, 4.110, 4.117, 4.113, 4.142, 4.132, 4.145, 4.142, 0.097, 0, 3, 2.588, 4.382, 0.000, -0.001, 33.006, 4.102, 26.650, 0, 0, 95, 0, 0, 0x50, 850932, 1
51, 06/30/2014 04:18:09 PM, 4.105, 4.110, 4.117, 4.113, 4.140, 4.132, 4.145, 4.145, 0.097, 0, 3, 2.588, 4.382, 0.000, -0.001, 33.007, 4.102, 26.650, 0, 0, 95, 0, 0, 0x50, 850933, 1
52, 06/30/2014 04:18:10 PM, 4.105, 4.110, 4.117, 4.115, 4.140, 4.132, 4.145, 4.145, 0.097, 0, 3, 2.588, 4.382, 0.000, -0.001, 33.009, 4.102, 26.650, 0, 0, 95, 0, 0, 0x50, 850934, 1
53, 06/30/2014 04:18:11 PM, 4.105, 4.110, 4.117, 4.113, 4.142, 4.132, 4.145, 4.140, 0.097, 0, 3, 2.588, 4.382, 0.000, -0.001, 33.004, 4.102, 26.650, 0, 0, 95, 0, 0, 0x50, 850935, 1
54, 06/30/2014 04:18:12 PM, 4.105, 4.110, 4.117, 4.115, 4.142, 4.132, 4.145, 4.145, 0.097, 0, 3, 2.588, 4.382, 0.000, -0.001, 33.011, 4.102, 26.650, 0, 0, 95, 0, 0, 0x50, 850936, 1
55, 06/30/2014 04:18:13 PM, 4.105, 4.110, 4.117, 4.113, 4.142, 4.132, 4.145, 4.140, 0.097, 0, 3, 2.588, 4.382, 0.000, -0.001, 33.004, 4.102, 26.650, 0, 0, 95, 0, 0, 0x50, 850937, 1
56, 06/30/2014 04:18:14 PM, 4.105, 4.110, 4.117, 4.113, 4.140, 4.132, 4.145, 4.142, 0.097, 0, 3, 2.588, 4.382, 0.000, -0.001, 33.004, 4.102, 26.650, 0, 0, 95, 0, 0, 0x50, 850938, 1
57, 06/30/2014 04:18:15 PM, 4.105, 4.110, 4.115, 4.115, 4.140, 4.132, 4.145, 4.145, 0.097, 0, 3, 2.588, 4.382, 0.000, 0.012, 33.007, 4.102, 26.650, 0, 0, 95, 0, 0, 0x50, 850939, 1
58, 06/30/2014 04:18:16 PM, 4.105, 4.110, 4.117, 4.113, 4.142, 4.132, 4.145, 4.145, 0.097, 0, 3, 2.588, 4.382, 0.000, 0.012, 33.009, 4.102, 26.650, 0, 0, 95, 0, 0, 0x50, 850940, 1
59, 06/30/2014 04:18:17 PM, 4.105, 4.110, 4.117, 4.115, 4.140, 4.132, 4.145, 4.142, 0.097, 0, 3, 2.588, 4.382, 0.000, 0.012, 33.006, 4.102, 26.650, 0, 0, 95, 0, 0, 0x50, 850941, 1
60, 06/30/2014 04:18:18 PM, 4.105, 4.110, 4.117, 4.113, 4.142, 4.132, 4.145, 4.145, 0.097, 0, 3, 2.588, 4.382, 0.000, 0.012, 33.009, 4.102, 26.650, 0, 0, 95, 0, 0, 0x50, 850942, 1
61, 06/30/2014 04:18:19 PM, 4.105, 4.110, 4.115, 4.113, 4.140, 4.132, 4.145, 4.140, 0.097, 0, 3, 2.588, 4.382, 0.000, 0.012, 33.0, 4.102, 26.650, 0, 0, 95, 0, 0, 0x50, 850943, 1
62, 06/30/2014 04:18:20 PM, 4.105, 4.110, 4.115, 4.113, 4.140, 4.132, 4.145, 4.140, 0.097, 0, 3, 2.588, 4.382, 0.000, 0.012, 33.0, 4.102, 26.650, 0, 0, 95, 0, 0, 0x50, 850944, 1
63, 06/30/2014 04:18:21 PM, 4.105, 4.110, 4.115, 4.113, 4.142, 4.132, 4.145, 4.140, 0.097, 0, 3, 2.588, 4.382, 0.000, 0.012, 33.002, 4.102, 26.650, 0, 0, 95, 0, 0, 0x50, 850945, 1
64, 06/30/2014 04:18:22 PM, 4.105, 4.110, 4.117, 4.115, 4.140, 4.132, 4.145, 4.145, 0.097, 0, 3, 2.588, 4.382, 0.000, 0.012, 33.009, 4.102, 26.650, 0, 0, 95, 0, 0, 0x50, 850946, 1
65, 06/30/2014 04:18:23 PM, 4.105, 4.110, 4.117, 4.113, 4.140, 4.132, 4.145, 4.145, 0.097, 0, 3, 2.588, 4.382, 0.000, 0.012, 33.007, 4.102, 26.650, 0, 0, 95, 0, 0, 0x50, 850947, 1
66, 06/30/2014 04:18:24 PM, 4.105, 4.110, 4.115, 4.113, 4.142, 4.132, 4.145, 4.145, 0.097, 0, 3, 2.588, 4.382, 0.000, 0.012, 33.007, 4.102, 26.650, 0, 0, 95, 0, 0, 0x50, 850948, 1
67, 06/30/2014 04:18:25 PM, 4.105, 4.110, 4.117, 4.113, 4.140, 4.132, 4.145, 4.140, 0.097, 0, 3, 2.588, 4.382, 0.000, 0.012, 33.002, 4.102, 26.650, 0, 0, 95, 0, 0, 0x50, 850949, 1
68, 06/30/2014 04:18:26 PM, 4.105, 4.110, 4.115, 4.113, 4.142, 4.132, 4.145, 4.145, 0.097, 0, 3, 2.588, 4.382, 0.000, 0.012, 33.007, 4.102, 26.650, 0, 0, 95, 0, 0, 0x50, 850950, 1
69, 06/30/2014 04:18:27 PM, 4.105, 4.110, 4.117, 4.113, 4.140, 4.132, 4.145, 4.138, 0.097, 0, 3, 2.588, 4.382, 0.000, 0.012, 33.0, 4.102, 26.650, 0, 0, 95, 0, 0, 0x50, 850951, 1
70, 06/30/2014 04:18:28 PM, 4.105, 4.110, 4.115, 4.113, 4.142, 4.132, 4.145, 4.138, 0.097, 0, 3, 2.588, 4.382, 0.000, 0.012, 33.0, 4.102, 26.650, 0, 0, 95, 0, 0, 0x50, 850952, 1
71, 06/30/2014 04:18:29 PM, 4.105, 4.110, 4.115, 4.113, 4.142, 4.132, 4.145, 4.145, 0.097, 0, 3, 2.588, 4.382, 0.000, 0.012, 33.007, 4.102, 26.650, 0, 0, 95, 0, 0, 0x50, 850953, 1
72, 06/30/2014 04:18:30 PM, 4.105, 4.110, 4.115, 4.115, 4.140, 4.132, 4.145, 4.142, 0.097, 0, 3, 2.588, 4.382, 0.000, 0.012, 33.004, 4.102, 26.650, 0, 0, 95, 0, 0, 0x50, 850954, 1
73, 06/30/2014 04:18:31 PM, 4.105, 4.110, 4.117, 4.113, 4.140, 4.132, 4.145, 4.142, 0.097, 0, 3, 2.588, 4.382, 0.000, 0.012, 33.004, 4.102, 26.650, 0, 0, 95, 0, 0, 0x50, 850955, 1
74, 06/30/2014 04:18:32 PM, 4.105, 4.110, 4.117, 4.113, 4.140, 4.132, 4.145, 4.145, 0.097, 0, 3, 2.588, 4.382, 0.000, 0.012, 33.007, 4.102, 26.650, 0, 0, 95, 0, 0, 0x50, 850956, 1
75, 06/30/2014 04:18:33 PM, 4.105, 4.110, 4.117, 4.113, 4.142, 4.132, 4.145, 4.142, 0.097, 0, 3, 2.588, 4.382, 0.000, 0.012, 33.006, 4.102, 26.650, 0, 0, 95, 0, 0, 0x50, 850957, 1
76, 06/30/2014 04:18:34 PM, 4.105, 4.110, 4.117, 4.113, 4.140, 4.132, 4.145, 4.142, 0.097, 0, 3, 2.588, 4.382, 0.000, 0.012, 33.004, 4.102, 26.650, 0, 0, 95, 0, 0, 0x50, 850958, 1
77, 06/30/2014 04:18:35 PM, 4.105, 4.110, 4.117, 4.113, 4.140, 4.132, 4.145, 4.140, 0.097, 0, 3, 2.588, 4.382, 0.000, 0.014, 33.002, 4.102, 26.650, 0, 0, 95, 0, 0, 0x50, 850959, 1
78, 06/30/2014 04:18:36 PM, 4.105, 4.110, 4.115, 4.115, 4.142, 4.132, 4.145, 4.140, 0.097, 0, 3, 2.588, 4.382, 0.000, 0.014, 33.004, 4.103, 26.550, 0, 0, 95, 0, 0, 0x50, 850960, 1
79, 06/30/2014 04:18:36 PM, 4.106, 4.111, 4.116, 4.116, 4.143, 4.133, 4.146, 4.146, 0.096, 0, 3, 2.588, 4.382, 0.000, 0.014, 33.017, 4.103, 26.550, 0, 0, 95, 0, 0, 0x50, 850961, 1
80, 06/30/2014 04:18:37 PM, 4.106, 4.111, 4.118, 4.116, 4.141, 4.133, 4.146, 4.146, 0.096, 0, 3, 2.588, 4.382, 0.000, 0.014, 33.017, 4.103, 26.550, 0, 0, 95, 0, 0, 0x50, 850962, 1
81, 06/30/2014 04:18:38 PM, 4.106, 4.111, 4.118, 4.114, 4.143, 4.133, 4.146, 4.143, 0.096, 0, 3, 2.588, 4.382, 0.000, 0.014, 33.014, 4.103, 26.550, 0, 0, 95, 0, 0, 0x50, 850963, 1
82, 06/30/2014 04:18:39 PM, 4.106, 4.108, 4.118, 4.114, 4.143, 4.133, 4.146, 4.141, 0.096, 0, 3, 2.588, 4.382, 0.000, 0.014, 33.009, 4.103, 26.550, 0, 0, 95, 0, 0, 0x50, 850964, 1
83, 06/30/2014 04:18:40 PM, 4.106, 4.111, 4.116, 4.116, 4.141, 4.133, 4.146, 4.146, 0.096, 0, 3, 2.588, 4.382, 0.000, 0.014, 33.015, 4.103, 26.550, 0, 0, 95, 0, 0, 0x50, 850965, 1
84, 06/30/2014 04:18:41 PM, 4.106, 4.111, 4.116, 4.114, 4.141, 4.133, 4.146, 4.143, 0.096, 0, 3, 2.588, 4.382, 0.000, 0.014, 33.01, 4.103, 26.550, 0, 0, 95, 0, 0, 0x50, 850966, 1
85, 06/30/2014 04:18:42 PM, 4.106, 4.111, 4.118, 4.114, 4.143, 4.133, 4.146, 4.141, 0.096, 0, 3, 2.588, 4.382, 0.000, 0.014, 33.012, 4.103, 26.550, 0, 0, 95, 0, 0, 0x50, 850967, 1
86, 06/30/2014 04:18:43 PM, 4.106, 4.111, 4.118, 4.114, 4.141, 4.133, 4.146, 4.139, 0.096, 0, 3, 2.588, 4.382, 0.000, 0.014, 33.008, 4.103, 26.550, 0, 0, 95, 0, 0, 0x50, 850968, 1
87, 06/30/2014 04:18:44 PM, 4.106, 4.111, 4.118, 4.114, 4.141, 4.133, 4.146, 4.146, 0.096, 0, 3, 2.588, 4.382, 0.000, 0.014, 33.015, 4.103, 26.550, 0, 0, 95, 0, 0, 0x50, 850969, 1
88, 06/30/2014 04:18:45 PM, 4.106, 4.111, 4.118, 4.114, 4.141, 4.133, 4.146, 4.146, 0.096, 0, 3, 2.588, 4.382, 0.000, 0.014, 33.015, 4.103, 26.550, 0, 0, 95, 0, 0, 0x50, 850970, 1
89, 06/30/2014 04:18:46 PM, 4.106, 4.111, 4.116, 4.116, 4.141, 4.133, 4.146, 4.146, 0.096, 0, 3, 2.588, 4.382, 0.000, 0.014, 33.015, 4.103, 26.550, 0, 0, 95, 0, 0, 0x50, 850971, 1
90, 06/30/2014 04:18:47 PM, 4.106, 4.111, 4.116, 4.116, 4.141, 4.133, 4.146, 4.146, 0.096, 0, 3, 2.588, 4.382, 0.000, 0.014, 33.015, 4.103, 26.550, 0, 0, 95, 0, 0, 0x50, 850972, 1
91, 06/30/2014 04:18:48 PM, 4.106, 4.111, 4.116, 4.114, 4.143, 4.133, 4.146, 4.146, 0.096, 0, 3, 2.588, 4.382, 0.000, 0.014, 33.015, 4.103, 26.550, 0, 0, 95, 0, 0, 0x50, 850973, 1
92, 06/30/2014 04:18:49 PM, 4.106, 4.111, 4.116, 4.114, 4.141, 4.133, 4.146, 4.146, 0.096, 0, 3, 2.588, 4.382, 0.000, 0.014, 33.013, 4.103, 26.550, 0, 0, 95, 0, 0, 0x50, 850974, 1
93, 06/30/2014 04:18:50 PM, 4.106, 4.111, 4.118, 4.114, 4.141, 4.133, 4.146, 4.143, 0.096, 0, 3, 2.588, 4.382, 0.000, 0.014, 33.012, 4.103, 26.550, 0, 0, 95, 0, 0, 0x50, 850975, 1
94, 06/30/2014 04:18:51 PM, 4.106, 4.108, 4.118, 4.114, 4.141, 4.133, 4.146, 4.143, 0.096, 0, 3, 2.588, 4.382, 0.000, 0.014, 33.009, 4.103, 26.550, 0, 0, 95, 0, 0, 0x50, 850976, 1
95, 06/30/2014 04:18:52 PM, 4.106, 4.111, 4.116, 4.114, 4.141, 4.133, 4.146, 4.146, 0.096, 0, 3, 2.588, 4.382, 0.000, 0.014, 33.013, 4.103, 26.550, 0, 0, 95, 0, 0, 0x50, 850977, 1
96, 06/30/2014 04:18:53 PM, 4.106, 4.111, 4.116, 4.114, 4.143, 4.133, 4.146, 4.146, 0.096, 0, 3, 2.588, 4.382, 0.000, 0.014, 33.015, 4.103, 26.550, 0, 0, 95, 0, 0, 0x50, 850978, 1
97, 06/30/2014 04:18:54 PM, 4.106, 4.108, 4.116, 4.114, 4.141, 4.133, 4.146, 4.141, 0.096, 0, 3, 2.588, 4.382, 0.000, 0.014, 33.005, 4.103, 26.550, 0, 0, 95, 0, 0, 0x50, 850979, 1
98, 06/30/2014 04:18:55 PM, 4.106, 4.111, 4.118, 4.116, 4.143, 4.133, 4.146, 4.139, 0.096, 0, 3, 2.588, 4.382, 0.000, 0.016, 33.012, 4.103, 26.550, 0, 0, 95, 0, 0, 0x50, 850980, 1
99, 06/30/2014 04:18:56 PM, 4.106, 4.111, 4.118, 4.114, 4.141, 4.133, 4.146, 4.146, 0.096, 0, 3, 2.588, 4.382, 0.000, 0.016, 33.015, 4.103, 26.550, 0, 0, 95, 0, 0, 0x50, 850981, 1
100, 06/30/2014 04:18:57 PM, 4.106, 4.111, 4.118, 4.116, 4.141, 4.133, 4.146, 4.146, 0.096, 0, 3, 2.588, 4.382, 0.000, 0.016, 33.017, 4.103, 26.550, 0, 0, 95, 0, 0, 0x50, 850982, 1
101, 06/30/2014 04:18:58 PM, 4.106, 4.111, 4.118, 4.116, 4.143, 4.133, 4.146, 4.143, 0.096, 0, 3, 2.588, 4.382, 0.000, 0.016, 33.016, 4.103, 26.550, 0, 0, 95, 0, 0, 0x50, 850983, 1
102, 06/30/2014 04:18:59 PM, 4.106, 4.111, 4.118, 4.116, 4.143, 4.133, 4.146, 4.143, 0.096, 0, 3, 2.588, 4.382, 0.000, 0.016, 33.016, 4.103, 26.550, 0, 0, 95, 0, 0, 0x50, 850984, 1
103, 06/30/2014 04:19:00 PM, 4.106, 4.111, 4.119, 4.114, 4.143, 4.133, 4.146, 4.141, 0.096, 0, 3, 2.588, 4.382, 0.000, 0.016, 33.013, 4.103, 26.550, 0, 0, 95, 0, 0, 0x50, 850985, 1
104, 06/30/2014 04:19:01 PM, 4.106, 4.111, 4.116, 4.116, 4.143, 4.133, 4.146, 4.146, 0.096, 0, 3, 2.588, 4.382, 0.000, 0.016, 33.017, 4.103, 26.550, 0, 0, 95, 0, 0, 0x50, 850986, 1
105, 06/30/2014 04:19:02 PM, 4.106, 4.118, 4.118, 4.114, 4.141, 4.133, 4.146, 4.143, 0.096, 0, 3, 2.588, 4.382, 0.000, 0.016, 33.019, 4.103, 26.550, 0, 0, 95, 0, 0, 0x50, 850987, 1
106, 06/30/2014 04:19:03 PM, 4.106, 4.111, 4.118, 4.116, 4.143, 4.133, 4.146, 4.146, 0.096, 0, 3, 2.588, 4.382, 0.000, 0.016, 33.019, 4.103, 26.550, 0, 0, 95, 0, 0, 0x50, 850988, 1
107, 06/30/2014 04:19:04 PM, 4.106, 4.111, 4.118, 4.114, 4.143, 4.133, 4.146, 4.143, 0.096, 0, 3, 2.588, 4.382, 0.000, 0.016, 33.014, 4.103, 26.550, 0, 0, 95, 0, 0, 0x50, 850989, 1
108, 06/30/2014 04:19:05 PM, 4.106, 4.111, 4.118, 4.114, 4.141, 4.133, 4.146, 4.146, 0.096, 0, 3, 2.588, 4.382, 0.000, 0.016, 33.015, 4.103, 26.550, 0, 0, 95, 0, 0, 0x50, 850990, 1
109, 06/30/2014 04:19:06 PM, 4.106, 4.111, 4.116, 4.114, 4.141, 4.133, 4.146, 4.146, 0.096, 0, 3, 2.588, 4.382, 0.000, 0.016, 33.013, 4.103, 26.550, 0, 0, 95, 0, 0, 0x50, 850991, 1
110, 06/30/2014 04:19:07 PM, 4.106, 4.111, 4.116, 4.114, 4.141, 4.133, 4.146, 4.146, 0.096, 0, 3, 2.588, 4.382, 0.000, 0.016, 33.013, 4.103, 26.550, 0, 0, 95, 0, 0, 0x50, 850992, 1
111, 06/30/2014 04:19:08 PM, 4.106, 4.111, 4.118, 4.114, 4.143, 4.133, 4.146, 4.146, 0.096, 0, 3, 2.588, 4.382, 0.000, 0.016, 33.017, 4.103, 26.550, 0, 0, 95, 0, 0, 0x50, 850993, 1
112, 06/30/2014 04:19:09 PM, 4.106, 4.111, 4.116, 4.114, 4.141, 4.133, 4.146, 4.139, 0.096, 0, 3, 2.588, 4.382, 0.000, 0.016, 33.006, 4.103, 26.550, 0, 0, 95, 0, 0, 0x50, 850994, 1
113, 06/30/2014 04:19:10 PM, 4.106, 4.111, 4.116, 4.114, 4.141, 4.133, 4.146, 4.141, 0.096, 0, 3, 2.588, 4.382, 0.000, 0.016, 33.008, 4.103, 26.550, 0, 0, 95, 0, 0, 0x50, 850995, 1
114, 06/30/2014 04:19:11 PM, 4.106, 4.111, 4.118, 4.116, 4.143, 4.133, 4.146, 4.146, 0.096, 0, 3, 2.588, 4.382, 0.000, 0.016, 33.019, 4.103, 26.550, 0, 0, 95, 0, 0, 0x50, 850996, 1
115, 06/30/2014 04:19:12 PM, 4.106, 4.111, 4.118, 4.114, 4.141, 4.133, 4.146, 4.139, 0.096, 0, 3, 2.588, 4.382, 0.000, 0.016, 33.008, 4.103, 26.550, 0, 0, 95, 0, 0, 0x50, 850997, 1
116, 06/30/2014 04:19:13 PM, 4.106, 4.111, 4.118, 4.114, 4.141, 4.133, 4.146, 4.146, 0.096, 0, 3, 2.588, 4.382, 0.000, 0.016, 33.015, 4.103, 26.550, 0, 0, 95, 0, 0, 0x50, 850997, 1
117, 06/30/2014 04:19:14 PM, 4.106, 4.111, 4.116, 4.114, 4.143, 4.133, 4.146, 4.146, 0.096, 0, 3, 2.588, 4.382, 0.000, 0.016, 33.015, 4.103, 26.550, 0, 0, 95, 0, 0, 0x50, 850998, 1
118, 06/30/2014 04:19:15 PM, 4.106, 4.111, 4.118, 4.114, 4.141, 4.133, 4.146, 4.146, 0.096, 0, 3, 2.588, 4.382, 0.000, 0.017, 33.015, 4.103, 26.550, 0, 0, 95, 0, 0, 0x50, 850999, 1
119, 06/30/2014 04:19:16 PM, 4.106, 4.111, 4.118, 4.114, 4.141, 4.133, 4.146, 4.146, 0.096, 0, 3, 2.588, 4.382, 0.000, 0.017, 33.015, 4.102, 26.550, 0, 0, 95, 0, 0, 0x50, 851000, 1
120, 06/30/2014 04:19:17 PM, 4.105, 4.107, 4.115, 4.115, 4.142, 4.132, 4.145, 4.145, 0.097, 0, 3, 2.588, 4.382, 0.000, 0.017, 33.006, 4.102, 26.550, 0, 0, 95, 0, 0, 0x50, 851001, 1
121, 06/30/2014 04:19:18 PM, 4.105, 4.110, 4.115, 4.115, 4.142, 4.132, 4.145, 4.140, 0.097, 0, 3, 2.588, 4.382, 0.000, 0.017, 33.004, 4.102, 26.550, 0, 0, 95, 0, 0, 0x50, 851002, 1
122, 06/30/2014 04:19:19 PM, 4.105, 4.110, 4.117, 4.113, 4.140, 4.132, 4.145, 4.145, 0.097, 0, 3, 2.588, 4.382, 0.000, 0.017, 33.007, 4.102, 26.550, 0, 0, 95, 0, 0, 0x50, 851003, 1
123, 06/30/2014 04:19:20 PM, 4.105, 4.110, 4.117, 4.115, 4.142, 4.132, 4.145, 4.145, 0.097, 0, 3, 2.588, 4.382, 0.000, 0.017, 33.011, 4.102, 26.550, 0, 0, 95, 0, 0, 0x50, 851004, 1
124, 06/30/2014 04:19:21 PM, 4.105, 4.110, 4.115, 4.113, 4.140, 4.132, 4.145, 4.142, 0.097, 0, 3, 2.588, 4.382, 0.000, 0.017, 33.002, 4.102, 26.550, 0, 0, 95, 0, 0, 0x50, 851005, 1
125, 06/30/2014 04:19:22 PM, 4.105, 4.110, 4.117, 4.115, 4.140, 4.132, 4.145, 4.145, 0.097, 0, 3, 2.588, 4.382, 0.000, 0.017, 33.009, 4.102, 26.550, 0, 0, 95, 0, 0, 0x50, 851006, 1
