Tcnt,Time,V1,V2,V3,V4,V5,V6,V7,V8,V1os,chg,disch,Ref-,Ref+,Iavg,Iinst,Vtot,V1_BG,Temp,SOH,Cylcnt,SOC,BalB,BalT,Addr,Tic,dTic
1, 06/25/2014 05:40:47 PM, 4.213, 4.219, 4.227, 4.226, 4.053, 4.054, 4.050, 4.047, 0.076, 0, 1, 2.602, 4.393, -0.019, -0.018, 33.089, 4.210, 24.250, 0, 0, 100, 0, 0, 0x50, 8529, 1
2, 06/25/2014 05:40:48 PM, 4.213, 4.217, 4.225, 4.224, 4.051, 4.050, 4.048, 4.045, 0.078, 0, 1, 2.602, 4.393, -0.020, -0.018, 33.073, 4.210, 24.150, 0, 0, 100, 0, 0, 0x50, 8530, 1
3, 06/25/2014 05:40:49 PM, 4.213, 4.217, 4.225, 4.224, 4.051, 4.050, 4.048, 4.045, 0.078, 0, 1, 2.602, 4.393, -0.020, -0.018, 33.073, 4.210, 24.150, 0, 0, 100, 0, 0, 0x50, 8531, 1
4, 06/25/2014 05:40:50 PM, 4.213, 4.217, 4.225, 4.224, 4.051, 4.050, 4.048, 4.045, 0.078, 0, 1, 2.602, 4.393, -0.020, -0.018, 33.073, 4.210, 24.250, 0, 0, 100, 0, 0, 0x50, 8532, 1
5, 06/25/2014 05:40:51 PM, 4.213, 4.219, 4.227, 4.226, 4.053, 4.052, 4.050, 4.047, 0.076, 0, 1, 2.602, 4.393, -0.019, -0.018, 33.087, 4.210, 24.250, 0, 0, 100, 0, 0, 0x50, 8533, 1
6, 06/25/2014 05:40:52 PM, 4.213, 4.217, 4.225, 4.224, 4.051, 4.050, 4.048, 4.045, 0.078, 0, 1, 2.602, 4.393, -0.020, -0.018, 33.073, 4.210, 24.150, 0, 0, 100, 0, 0, 0x50, 8534, 1
7, 06/25/2014 05:40:53 PM, 4.213, 4.219, 4.227, 4.226, 4.053, 4.052, 4.050, 4.047, 0.076, 0, 1, 2.602, 4.393, -0.020, -0.018, 33.087, 4.210, 24.250, 0, 0, 100, 0, 0, 0x50, 8535, 1
8, 06/25/2014 05:40:54 PM, 4.213, 4.219, 4.227, 4.226, 4.053, 4.052, 4.050, 4.047, 0.076, 0, 1, 2.602, 4.393, -0.020, -0.018, 33.087, 4.210, 24.150, 0, 0, 100, 0, 0, 0x50, 8536, 1
9, 06/25/2014 05:40:55 PM, 4.213, 4.219, 4.227, 4.226, 4.053, 4.052, 4.050, 4.047, 0.076, 0, 1, 2.602, 4.393, -0.020, -0.018, 33.087, 4.210, 24.150, 0, 0, 100, 0, 0, 0x50, 8537, 1
10, 06/25/2014 05:40:56 PM, 4.213, 4.219, 4.227, 4.226, 4.053, 4.056, 4.050, 4.047, 0.076, 0, 1, 2.602, 4.393, -0.020, -0.018, 33.091, 4.210, 24.150, 0, 0, 100, 0, 0, 0x50, 8538, 1
11, 06/25/2014 05:40:57 PM, 4.213, 4.219, 4.227, 4.226, 4.053, 4.056, 4.050, 4.047, 0.076, 0, 1, 2.602, 4.393, -0.020, -0.018, 33.091, 4.210, 24.150, 0, 0, 100, 0, 0, 0x50, 8539, 1
12, 06/25/2014 05:40:58 PM, 4.213, 4.217, 4.225, 4.224, 4.051, 4.052, 4.048, 4.045, 0.078, 0, 1, 2.602, 4.393, -0.020, -0.018, 33.075, 4.210, 24.150, 0, 0, 100, 0, 0, 0x50, 8540, 1
13, 06/25/2014 05:40:59 PM, 4.213, 4.217, 4.225, 4.224, 4.051, 4.050, 4.048, 4.045, 0.078, 0, 1, 2.602, 4.393, -0.020, -0.018, 33.073, 4.210, 24.150, 0, 0, 100, 0, 0, 0x50, 8541, 1
14, 06/25/2014 05:41:00 PM, 4.213, 4.219, 4.227, 4.226, 4.053, 4.051, 4.050, 4.047, 0.076, 0, 1, 2.602, 4.393, -0.020, -0.018, 33.086, 4.210, 24.250, 0, 0, 100, 0, 0, 0x50, 8542, 1
15, 06/25/2014 05:41:01 PM, 4.213, 4.219, 4.227, 4.226, 4.053, 4.052, 4.050, 4.047, 0.076, 0, 1, 2.602, 4.393, -0.020, -0.018, 33.087, 4.210, 24.150, 0, 0, 100, 0, 0, 0x50, 8543, 1
16, 06/25/2014 05:41:02 PM, 4.213, 4.217, 4.225, 4.224, 4.051, 4.050, 4.048, 4.045, 0.078, 0, 1, 2.602, 4.393, -0.020, -0.018, 33.073, 4.209, 24.250, 0, 0, 100, 0, 0, 0x50, 8544, 1
17, 06/25/2014 05:41:03 PM, 4.212, 4.216, 4.224, 4.223, 4.050, 4.049, 4.047, 4.044, 0.079, 0, 1, 2.602, 4.393, -0.020, -0.018, 33.065, 4.210, 24.250, 0, 0, 100, 0, 0, 0x50, 8545, 1
18, 06/25/2014 05:41:04 PM, 4.213, 4.219, 4.227, 4.226, 4.053, 4.052, 4.050, 4.047, 0.076, 0, 1, 2.602, 4.393, -0.019, -0.018, 33.087, 4.210, 24.150, 0, 0, 100, 0, 0, 0x50, 8546, 1
19, 06/25/2014 05:41:05 PM, 4.213, 4.219, 4.227, 4.226, 4.053, 4.052, 4.050, 4.047, 0.076, 0, 1, 2.602, 4.393, -0.020, -0.018, 33.087, 4.210, 24.150, 0, 0, 100, 0, 0, 0x50, 8547, 1
20, 06/25/2014 05:41:06 PM, 4.213, 4.219, 4.227, 4.226, 4.053, 4.052, 4.050, 4.047, 0.076, 0, 1, 2.602, 4.393, -0.020, -0.018, 33.087, 4.210, 24.250, 0, 0, 100, 0, 0, 0x50, 8548, 1
21, 06/25/2014 05:41:07 PM, 4.213, 4.217, 4.225, 4.224, 4.051, 4.050, 4.048, 4.045, 0.078, 0, 1, 2.602, 4.393, -0.020, -0.018, 33.073, 4.210, 24.250, 0, 0, 100, 0, 0, 0x50, 8549, 1
22, 06/25/2014 05:41:08 PM, 4.213, 4.217, 4.225, 4.224, 4.051, 4.050, 4.048, 4.045, 0.078, 0, 1, 2.602, 4.393, -0.020, -0.018, 33.073, 4.210, 24.250, 0, 0, 100, 0, 0, 0x50, 8550, 1
23, 06/25/2014 05:41:09 PM, 4.213, 4.219, 4.227, 4.226, 4.053, 4.054, 4.050, 4.047, 0.076, 0, 1, 2.602, 4.393, -0.020, -0.018, 33.089, 4.210, 24.250, 0, 0, 100, 0, 0, 0x50, 8550, 1
24, 06/25/2014 05:41:10 PM, 4.213, 4.217, 4.225, 4.224, 4.051, 4.052, 4.048, 4.045, 0.078, 0, 1, 2.602, 4.393, -0.019, -0.018, 33.075, 4.210, 24.250, 0, 0, 100, 0, 0, 0x50, 8551, 1
25, 06/25/2014 05:41:11 PM, 4.213, 4.217, 4.225, 4.224, 4.051, 4.052, 4.048, 4.045, 0.078, 0, 1, 2.602, 4.393, -0.020, -0.018, 33.075, 4.210, 24.250, 0, 0, 100, 0, 0, 0x50, 8552, 1
26, 06/25/2014 05:41:12 PM, 4.213, 4.219, 4.227, 4.226, 4.053, 4.052, 4.050, 4.047, 0.076, 0, 1, 2.602, 4.393, -0.020, -0.018, 33.087, 4.210, 24.250, 0, 0, 100, 0, 0, 0x50, 8553, 1
27, 06/25/2014 05:41:13 PM, 4.213, 4.219, 4.227, 4.226, 4.053, 4.052, 4.050, 4.047, 0.076, 0, 1, 2.602, 4.393, -0.020, -0.018, 33.087, 4.210, 24.150, 0, 0, 100, 0, 0, 0x50, 8554, 1
28, 06/25/2014 05:41:14 PM, 4.213, 4.219, 4.227, 4.226, 4.053, 4.052, 4.050, 4.047, 0.076, 0, 1, 2.602, 4.393, -0.020, -0.018, 33.087, 4.210, 24.250, 0, 0, 100, 0, 0, 0x50, 8555, 1
29, 06/25/2014 05:41:15 PM, 4.213, 4.217, 4.225, 4.224, 4.051, 4.050, 4.048, 4.045, 0.078, 0, 1, 2.602, 4.393, -0.019, -0.018, 33.073, 4.210, 24.250, 0, 0, 100, 0, 0, 0x50, 8556, 1
30, 06/25/2014 05:41:16 PM, 4.213, 4.219, 4.227, 4.226, 4.053, 4.052, 4.050, 4.047, 0.076, 0, 1, 2.602, 4.393, -0.020, -0.018, 33.087, 4.210, 24.250, 0, 0, 100, 0, 0, 0x50, 8557, 1
31, 06/25/2014 05:41:17 PM, 4.213, 4.219, 4.227, 4.226, 4.053, 4.054, 4.050, 4.047, 0.076, 0, 1, 2.602, 4.393, -0.020, -0.018, 33.089, 4.210, 24.250, 0, 0, 100, 0, 0, 0x50, 8558, 1
32, 06/25/2014 05:41:18 PM, 4.213, 4.219, 4.227, 4.226, 4.053, 4.052, 4.050, 4.047, 0.076, 0, 1, 2.602, 4.393, -0.020, -0.018, 33.087, 4.210, 24.250, 0, 0, 100, 0, 0, 0x50, 8559, 1
33, 06/25/2014 05:41:19 PM, 4.213, 4.217, 4.225, 4.224, 4.051, 4.050, 4.048, 4.045, 0.078, 0, 1, 2.602, 4.393, -0.020, -0.018, 33.073, 4.210, 24.250, 0, 0, 100, 0, 0, 0x50, 8560, 1
34, 06/25/2014 05:41:20 PM, 4.213, 4.217, 4.225, 4.224, 4.051, 4.050, 4.048, 4.045, 0.078, 0, 1, 2.602, 4.393, -0.019, -0.018, 33.073, 4.210, 24.250, 0, 0, 100, 0, 0, 0x50, 8561, 1
35, 06/25/2014 05:41:21 PM, 4.213, 4.219, 4.227, 4.226, 4.053, 4.052, 4.050, 4.047, 0.076, 0, 1, 2.602, 4.393, -0.020, -0.018, 33.087, 4.210, 24.250, 0, 0, 100, 0, 0, 0x50, 8562, 1
36, 06/25/2014 05:41:22 PM, 4.213, 4.219, 4.227, 4.226, 4.053, 4.052, 4.050, 4.047, 0.076, 0, 1, 2.602, 4.393, -0.020, -0.018, 33.087, 4.210, 24.250, 0, 0, 100, 0, 0, 0x50, 8563, 1
37, 06/25/2014 05:41:23 PM, 4.213, 4.219, 4.227, 4.226, 4.053, 4.052, 4.050, 4.047, 0.076, 0, 1, 2.602, 4.393, -0.020, -0.018, 33.087, 4.210, 24.250, 0, 0, 100, 0, 0, 0x50, 8564, 1
38, 06/25/2014 05:41:24 PM, 4.213, 4.219, 4.227, 4.226, 4.053, 4.054, 4.050, 4.047, 0.076, 0, 1, 2.602, 4.393, -0.020, -0.018, 33.089, 4.210, 24.250, 0, 0, 100, 0, 0, 0x50, 8565, 1
39, 06/25/2014 05:41:25 PM, 4.213, 4.217, 4.225, 4.224, 4.051, 4.052, 4.048, 4.045, 0.078, 0, 1, 2.602, 4.393, -0.020, -0.018, 33.075, 4.210, 24.250, 0, 0, 100, 0, 0, 0x50, 8566, 1
40, 06/25/2014 05:41:26 PM, 4.213, 4.219, 4.227, 4.226, 4.053, 4.054, 4.050, 4.047, 0.076, 0, 1, 2.602, 4.393, -0.020, -0.018, 33.089, 4.210, 24.250, 0, 0, 100, 0, 0, 0x50, 8567, 1
41, 06/25/2014 05:41:27 PM, 4.213, 4.217, 4.225, 4.224, 4.054, 4.050, 4.048, 4.045, 0.078, 0, 1, 2.602, 4.393, -0.020, -0.018, 33.076, 4.210, 24.250, 0, 0, 100, 0, 0, 0x50, 8568, 1
42, 06/25/2014 05:41:28 PM, 4.213, 4.217, 4.225, 4.224, 4.051, 4.050, 4.048, 4.045, 0.078, 0, 1, 2.602, 4.393, -0.019, -0.018, 33.073, 4.210, 24.250, 0, 0, 100, 0, 0, 0x50, 8569, 1
43, 06/25/2014 05:41:29 PM, 4.213, 4.219, 4.227, 4.226, 4.053, 4.052, 4.050, 4.047, 0.076, 0, 1, 2.602, 4.393, -0.020, -0.018, 33.087, 4.210, 24.250, 0, 0, 100, 0, 0, 0x50, 8570, 1
44, 06/25/2014 05:41:30 PM, 4.213, 4.217, 4.225, 4.224, 4.051, 4.050, 4.048, 4.045, 0.078, 0, 1, 2.602, 4.393, -0.020, -0.018, 33.073, 4.210, 24.250, 0, 0, 100, 0, 0, 0x50, 8571, 1
45, 06/25/2014 05:41:31 PM, 4.213, 4.217, 4.225, 4.224, 4.051, 4.050, 4.048, 4.045, 0.078, 0, 1, 2.602, 4.393, -0.020, -0.018, 33.073, 4.210, 24.250, 0, 0, 100, 0, 0, 0x50, 8572, 1
46, 06/25/2014 05:41:32 PM, 4.213, 4.217, 4.225, 4.224, 4.051, 4.050, 4.048, 4.045, 0.078, 0, 1, 2.602, 4.393, -0.019, -0.018, 33.073, 4.210, 24.250, 0, 0, 100, 0, 0, 0x50, 8573, 1
47, 06/25/2014 05:41:33 PM, 4.213, 4.217, 4.225, 4.224, 4.052, 4.050, 4.048, 4.045, 0.078, 0, 1, 2.602, 4.393, -0.020, -0.018, 33.074, 4.210, 24.250, 0, 0, 100, 0, 0, 0x50, 8574, 1
48, 06/25/2014 05:41:34 PM, 4.213, 4.219, 4.227, 4.226, 4.053, 4.052, 4.050, 4.047, 0.076, 0, 1, 2.602, 4.393, -0.020, -0.018, 33.087, 4.210, 24.250, 0, 0, 100, 0, 0, 0x50, 8575, 1
49, 06/25/2014 05:41:35 PM, 4.213, 4.219, 4.227, 4.226, 4.053, 4.052, 4.050, 4.047, 0.076, 0, 1, 2.602, 4.393, -0.020, -0.018, 33.087, 4.210, 24.250, 0, 0, 100, 0, 0, 0x50, 8576, 1
50, 06/25/2014 05:41:36 PM, 4.213, 4.217, 4.225, 4.224, 4.051, 4.050, 4.048, 4.045, 0.078, 0, 1, 2.602, 4.393, -0.020, -0.018, 33.073, 4.210, 24.250, 0, 0, 100, 0, 0, 0x50, 8577, 1
51, 06/25/2014 05:41:37 PM, 4.213, 4.219, 4.227, 4.226, 4.053, 4.052, 4.050, 4.047, 0.076, 0, 1, 2.602, 4.393, -0.019, -0.018, 33.087, 4.210, 24.250, 0, 0, 100, 0, 0, 0x50, 8578, 1
52, 06/25/2014 05:41:38 PM, 4.213, 4.219, 4.227, 4.226, 4.053, 4.052, 4.050, 4.047, 0.076, 0, 1, 2.602, 4.393, -0.020, -0.018, 33.087, 4.210, 24.250, 0, 0, 100, 0, 0, 0x50, 8579, 1
53, 06/25/2014 05:41:39 PM, 4.213, 4.217, 4.225, 4.224, 4.051, 4.050, 4.048, 4.045, 0.078, 0, 1, 2.602, 4.393, -0.020, -0.018, 33.073, 4.210, 24.250, 0, 0, 100, 0, 0, 0x50, 8580, 1
54, 06/25/2014 05:41:40 PM, 4.213, 4.219, 4.227, 4.226, 4.053, 4.052, 4.050, 4.047, 0.076, 0, 1, 2.602, 4.393, -0.020, -0.018, 33.087, 4.210, 24.250, 0, 0, 100, 0, 0, 0x50, 8581, 1
55, 06/25/2014 05:41:41 PM, 4.213, 4.217, 4.225, 4.224, 4.051, 4.050, 4.048, 4.045, 0.078, 0, 1, 2.602, 4.393, -0.020, -0.018, 33.073, 4.210, 24.250, 0, 0, 100, 0, 0, 0x50, 8582, 1
56, 06/25/2014 05:41:42 PM, 4.213, 4.217, 4.225, 4.224, 4.051, 4.050, 4.048, 4.045, 0.078, 0, 1, 2.602, 4.393, -0.020, -0.018, 33.073, 4.210, 24.250, 0, 0, 100, 0, 0, 0x50, 8583, 1
57, 06/25/2014 05:41:43 PM, 4.213, 4.217, 4.225, 4.224, 4.051, 4.050, 4.048, 4.045, 0.078, 0, 1, 2.602, 4.393, -0.020, -0.018, 33.073, 4.210, 24.250, 0, 0, 100, 0, 0, 0x50, 8584, 1
58, 06/25/2014 05:41:44 PM, 4.213, 4.217, 4.225, 4.224, 4.051, 4.050, 4.048, 4.045, 0.078, 0, 1, 2.602, 4.393, -0.020, -0.018, 33.073, 4.210, 24.250, 0, 0, 100, 0, 0, 0x50, 8585, 1
59, 06/25/2014 05:41:45 PM, 4.213, 4.219, 4.227, 4.226, 4.053, 4.052, 4.050, 4.047, 0.076, 0, 1, 2.602, 4.393, -0.019, -0.018, 33.087, 4.210, 24.250, 0, 0, 100, 0, 0, 0x50, 8586, 1
60, 06/25/2014 05:41:46 PM, 4.213, 4.219, 4.227, 4.226, 4.053, 4.054, 4.050, 4.047, 0.076, 0, 1, 2.602, 4.393, -0.020, -0.018, 33.089, 4.210, 24.250, 0, 0, 100, 0, 0, 0x50, 8587, 1
61, 06/25/2014 05:41:47 PM, 4.213, 4.219, 4.227, 4.226, 4.053, 4.052, 4.050, 4.047, 0.076, 0, 1, 2.602, 4.393, -0.020, -0.018, 33.087, 4.210, 24.250, 0, 0, 100, 0, 0, 0x50, 8588, 1
62, 06/25/2014 05:41:48 PM, 4.213, 4.217, 4.225, 4.224, 4.051, 4.050, 4.048, 4.045, 0.078, 0, 1, 2.602, 4.393, -0.020, -0.018, 33.073, 4.210, 24.250, 0, 0, 100, 0, 0, 0x50, 8589, 1
63, 06/25/2014 05:41:49 PM, 4.213, 4.219, 4.227, 4.226, 4.053, 4.052, 4.050, 4.047, 0.076, 0, 1, 2.602, 4.393, -0.020, -0.018, 33.087, 4.210, 24.250, 0, 0, 100, 0, 0, 0x50, 8590, 1
64, 06/25/2014 05:41:50 PM, 4.213, 4.219, 4.227, 4.226, 4.053, 4.052, 4.050, 4.047, 0.076, 0, 1, 2.602, 4.393, -0.020, -0.018, 33.087, 4.210, 24.250, 0, 0, 100, 0, 0, 0x50, 8591, 1
65, 06/25/2014 05:41:51 PM, 4.213, 4.219, 4.227, 4.226, 4.053, 4.052, 4.050, 4.045, 0.076, 0, 1, 2.602, 4.393, -0.020, -0.018, 33.085, 4.210, 24.250, 0, 0, 100, 0, 0, 0x50, 8592, 1
66, 06/25/2014 05:41:52 PM, 4.213, 4.217, 4.225, 4.224, 4.051, 4.050, 4.048, 4.045, 0.078, 0, 1, 2.602, 4.393, -0.019, -0.017, 33.073, 4.210, 24.250, 0, 0, 100, 0, 0, 0x50, 8593, 1
67, 06/25/2014 05:41:53 PM, 4.213, 4.219, 4.227, 4.226, 4.053, 4.052, 4.050, 4.047, 0.076, 0, 1, 2.602, 4.393, -0.021, -0.018, 33.087, 4.210, 24.250, 0, 0, 100, 0, 0, 0x50, 8594, 1
68, 06/25/2014 05:41:54 PM, 4.213, 4.217, 4.225, 4.224, 4.051, 4.050, 4.048, 4.045, 0.078, 0, 1, 2.602, 4.393, -0.020, -0.018, 33.073, 4.210, 24.250, 0, 0, 100, 0, 0, 0x50, 8595, 1
69, 06/25/2014 05:41:55 PM, 4.213, 4.219, 4.227, 4.226, 4.053, 4.052, 4.050, 4.047, 0.076, 0, 1, 2.602, 4.393, -0.019, -0.018, 33.087, 4.210, 24.250, 0, 0, 100, 0, 0, 0x50, 8596, 1
70, 06/25/2014 05:41:56 PM, 4.213, 4.219, 4.227, 4.226, 4.053, 4.052, 4.050, 4.047, 0.076, 0, 1, 2.602, 4.393, -0.020, -0.018, 33.087, 4.210, 24.250, 0, 0, 100, 0, 0, 0x50, 8597, 1
71, 06/25/2014 05:41:57 PM, 4.213, 4.219, 4.227, 4.226, 4.053, 4.054, 4.050, 4.045, 0.076, 0, 1, 2.602, 4.393, -0.020, -0.018, 33.087, 4.210, 24.250, 0, 0, 100, 0, 0, 0x50, 8598, 1
72, 06/25/2014 05:41:58 PM, 4.213, 4.219, 4.227, 4.226, 4.053, 4.054, 4.050, 4.047, 0.076, 0, 1, 2.602, 4.393, -0.020, -0.018, 33.089, 4.210, 24.250, 0, 0, 100, 0, 0, 0x50, 8599, 1
73, 06/25/2014 05:41:59 PM, 4.213, 4.219, 4.227, 4.226, 4.053, 4.054, 4.050, 4.047, 0.076, 0, 1, 2.602, 4.393, -0.020, -0.018, 33.089, 4.210, 24.250, 0, 0, 100, 0, 0, 0x50, 8600, 1
74, 06/25/2014 05:42:00 PM, 4.213, 4.219, 4.227, 4.226, 4.053, 4.052, 4.050, 4.047, 0.076, 0, 1, 2.602, 4.393, -0.020, -0.018, 33.087, 4.210, 24.250, 0, 0, 100, 0, 0, 0x50, 8601, 1
75, 06/25/2014 05:42:01 PM, 4.213, 4.217, 4.225, 4.224, 4.051, 4.050, 4.048, 4.045, 0.078, 0, 1, 2.602, 4.393, -0.020, -0.018, 33.073, 4.210, 24.250, 0, 0, 100, 0, 0, 0x50, 8602, 1
76, 06/25/2014 05:42:02 PM, 4.213, 4.219, 4.227, 4.226, 4.053, 4.054, 4.050, 4.047, 0.076, 0, 1, 2.602, 4.393, -0.020, -0.018, 33.089, 4.210, 24.250, 0, 0, 100, 0, 0, 0x50, 8603, 1
77, 06/25/2014 05:42:03 PM, 4.213, 4.217, 4.225, 4.224, 4.051, 4.050, 4.048, 4.045, 0.078, 0, 1, 2.602, 4.393, -0.019, -0.018, 33.073, 4.210, 24.250, 0, 0, 100, 0, 0, 0x50, 8604, 1
78, 06/25/2014 05:42:04 PM, 4.213, 4.219, 4.227, 4.226, 4.053, 4.052, 4.050, 4.047, 0.076, 0, 1, 2.602, 4.393, -0.020, -0.018, 33.087, 4.210, 24.250, 0, 0, 100, 0, 0, 0x50, 8605, 1
79, 06/25/2014 05:42:05 PM, 4.213, 4.224, 4.246, 4.217, 4.030, 4.091, 4.076, 4.103, 65.341, 0, 1, 2.602, 4.393, -0.020, -0.018, 33.2, 4.210, 24.250, 0, 0, 100, 0, 0, 0x50, 8606, 1
80, 06/25/2014 05:42:06 PM, 4.213, 4.231, 4.245, 4.202, 4.034, 4.097, 4.075, 4.105, 65.328, 0, 1, 2.602, 4.393, -3.154, -13.267, 33.202, 4.210, 24.250, 0, 0, 100, 0, 0, 0x50, 8607, 1
81, 06/25/2014 05:42:07 PM, 4.213, 4.229, 4.235, 4.203, 4.032, 4.091, 4.076, 4.103, 65.327, 0, 2, 2.602, 4.393, -13.260, -13.238, 33.182, 4.283, 23.150, 0, 0, 100, 0, 0, 0x50, 8608, 1
82, 06/25/2014 05:42:08 PM, 4.286, 4.297, 4.305, 4.272, 4.103, 4.162, 4.142, 4.176, 65.254, 0, 2, 2.602, 4.393, -13.234, -13.217, 33.743, 4.272, 23.150, 0, 0, 100, 0, 0, 0x50, 8609, 1
83, 06/25/2014 05:42:08 PM, 4.275, 4.286, 4.294, 4.258, 4.088, 4.148, 4.129, 4.165, 65.265, 0, 2, 2.602, 4.393, -13.213, -13.196, 33.643, 4.269, 23.150, 0, 0, 100, 0, 0, 0x50, 8610, 1
84, 06/25/2014 05:42:09 PM, 4.272, 4.290, 4.298, 4.258, 4.092, 4.150, 4.130, 4.162, 65.261, 0, 2, 2.602, 4.393, -13.191, -13.175, 33.652, 4.266, 23.150, 0, 0, 100, 0, 0, 0x50, 8611, 1
85, 06/25/2014 05:42:10 PM, 4.269, 4.291, 4.292, 4.256, 4.090, 4.151, 4.129, 4.163, 65.260, 0, 2, 2.602, 4.393, -13.172, -13.157, 33.641, 4.263, 23.150, 0, 0, 100, 0, 0, 0x50, 8612, 1
86, 06/25/2014 05:42:11 PM, 4.266, 4.284, 4.288, 4.256, 4.086, 4.151, 4.129, 4.158, 65.260, 0, 2, 2.602, 4.393, -13.155, -13.143, 33.618, 4.261, 23.150, 0, 0, 100, 0, 0, 0x50, 8613, 1
87, 06/25/2014 05:42:12 PM, 4.264, 4.282, 4.288, 4.254, 4.083, 4.149, 4.127, 4.161, 65.234, 0, 2, 2.602, 4.393, -13.307, -14.278, 33.608, 4.259, 23.150, 0, 0, 100, 0, 0, 0x50, 8614, 1
88, 06/25/2014 05:42:13 PM, 4.262, 4.280, 4.284, 4.259, 4.079, 4.142, 4.123, 4.155, 65.243, 0, 2, 2.602, 4.393, -14.266, -14.179, 33.584, 4.263, 23.050, 0, 0, 100, 0, 0, 0x50, 8615, 1
89, 06/25/2014 05:42:14 PM, 4.266, 4.289, 4.288, 4.263, 4.079, 4.146, 4.125, 4.159, 65.239, 0, 2, 2.602, 4.393, -14.041, -13.886, 33.615, 4.259, 23.050, 0, 0, 100, 0, 0, 0x50, 8616, 1
90, 06/25/2014 05:42:15 PM, 4.262, 4.276, 4.284, 4.259, 4.086, 4.147, 4.123, 4.152, 65.243, 0, 2, 2.602, 4.393, -13.870, -13.839, 33.589, 4.257, 23.150, 0, 0, 100, 0, 0, 0x50, 8617, 1
91, 06/25/2014 05:42:16 PM, 4.260, 4.277, 4.281, 4.249, 4.078, 4.144, 4.124, 4.156, 65.239, 0, 2, 2.602, 4.393, -13.834, -13.820, 33.569, 4.255, 23.150, 0, 0, 100, 0, 0, 0x50, 8618, 1
92, 06/25/2014 05:42:17 PM, 4.258, 4.276, 4.282, 4.262, 4.082, 4.143, 4.121, 4.155, 65.240, 0, 2, 2.602, 4.393, -13.834, -13.820, 33.579, 4.255, 23.150, 0, 0, 100, 0, 0, 0x50, 8619, 1
93, 06/25/2014 05:42:18 PM, 4.256, 4.274, 4.278, 4.260, 4.080, 4.141, 4.119, 4.153, 65.242, 0, 2, 2.602, 4.393, -13.817, -13.806, 33.561, 4.253, 23.150, 0, 0, 100, 0, 0, 0x50, 8620, 1
94, 06/25/2014 05:42:19 PM, 4.255, 4.270, 4.278, 4.242, 4.076, 4.140, 4.122, 4.151, 65.239, 0, 2, 2.602, 4.393, -13.805, -13.795, 33.534, 4.252, 23.150, 0, 0, 100, 0, 0, 0x50, 8621, 1
95, 06/25/2014 05:42:20 PM, 4.253, 4.267, 4.279, 4.243, 4.070, 4.131, 4.109, 4.143, 65.245, 0, 2, 2.602, 4.393, -13.794, -13.781, 33.495, 4.250, 23.150, 0, 0, 100, 0, 0, 0x50, 8622, 1
96, 06/25/2014 05:42:21 PM, 4.251, 4.262, 4.270, 4.232, 4.068, 4.129, 4.110, 4.141, 65.247, 0, 2, 2.602, 4.393, -13.780, -13.769, 33.463, 4.248, 23.150, 0, 0, 100, 0, 0, 0x50, 8623, 1
97, 06/25/2014 05:42:22 PM, 4.250, 4.270, 4.278, 4.240, 4.076, 4.137, 4.115, 4.152, 65.239, 0, 2, 2.602, 4.393, -13.767, -13.755, 33.518, 4.247, 23.150, 0, 0, 100, 0, 0, 0x50, 8624, 1
98, 06/25/2014 05:42:23 PM, 4.248, 4.265, 4.273, 4.235, 4.071, 4.128, 4.110, 4.140, 65.244, 0, 2, 2.602, 4.393, -13.755, -13.744, 33.47, 4.245, 23.150, 0, 0, 100, 0, 0, 0x50, 8625, 1
99, 06/25/2014 05:42:24 PM, 4.247, 4.270, 4.275, 4.234, 4.066, 4.129, 4.108, 4.142, 65.242, 0, 2, 2.602, 4.393, -13.744, -13.733, 33.471, 4.244, 23.250, 0, 0, 100, 0, 0, 0x50, 8626, 1
100, 06/25/2014 05:42:25 PM, 4.246, 4.257, 4.267, 4.231, 4.063, 4.126, 4.106, 4.140, 65.243, 0, 2, 2.602, 4.393, -13.734, -13.724, 33.436, 4.243, 23.250, 0, 0, 100, 0, 0, 0x50, 8627, 1
101, 06/25/2014 05:42:26 PM, 4.244, 4.257, 4.267, 4.231, 4.065, 4.126, 4.114, 4.138, 65.243, 0, 2, 2.602, 4.393, -13.721, -13.714, 33.442, 4.241, 23.250, 0, 0, 100, 0, 0, 0x50, 8628, 1
102, 06/25/2014 05:42:27 PM, 4.243, 4.259, 4.266, 4.230, 4.062, 4.125, 4.105, 4.139, 65.244, 0, 2, 2.602, 4.393, -13.713, -13.701, 33.429, 4.240, 23.250, 0, 0, 100, 0, 0, 0x50, 8629, 1
103, 06/25/2014 05:42:28 PM, 4.243, 4.259, 4.266, 4.230, 4.062, 4.125, 4.105, 4.139, 65.244, 0, 2, 2.602, 4.393, -13.701, -13.688, 33.429, 4.239, 23.250, 0, 0, 100, 0, 0, 0x50, 8630, 1
104, 06/25/2014 05:42:29 PM, 4.242, 4.257, 4.265, 4.229, 4.059, 4.124, 4.102, 4.134, 65.245, 0, 2, 2.602, 4.393, -13.687, -13.677, 33.412, 4.237, 23.250, 0, 0, 100, 0, 0, 0x50, 8631, 1
105, 06/25/2014 05:42:30 PM, 4.240, 4.252, 4.266, 4.230, 4.064, 4.125, 4.103, 4.132, 65.244, 0, 2, 2.602, 4.393, -13.676, -13.666, 33.412, 4.237, 23.250, 0, 0, 100, 0, 0, 0x50, 8632, 1
106, 06/25/2014 05:42:31 PM, 4.240, 4.256, 4.259, 4.226, 4.057, 4.121, 4.103, 4.130, 65.244, 0, 2, 2.602, 4.393, -13.665, -13.658, 33.392, 4.235, 23.250, 0, 0, 100, 0, 0, 0x50, 8633, 1
107, 06/25/2014 05:42:32 PM, 4.238, 4.249, 4.258, 4.224, 4.057, 4.123, 4.101, 4.131, 65.246, 0, 2, 2.602, 4.393, -13.658, -13.645, 33.381, 4.234, 23.250, 0, 0, 100, 0, 0, 0x50, 8634, 1
108, 06/25/2014 05:42:33 PM, 4.237, 4.248, 4.257, 4.229, 4.057, 4.115, 4.095, 4.127, 65.247, 0, 2, 2.602, 4.393, -13.644, -13.637, 33.365, 4.233, 23.250, 0, 0, 100, 0, 0, 0x50, 8635, 1
109, 06/25/2014 05:42:34 PM, 4.236, 4.248, 4.255, 4.219, 4.053, 4.112, 4.090, 4.126, 65.248, 0, 2, 2.602, 4.393, -13.635, -13.624, 33.339, 4.232, 23.250, 0, 0, 100, 0, 0, 0x50, 8636, 1
110, 06/25/2014 05:42:35 PM, 4.235, 4.247, 4.254, 4.218, 4.052, 4.111, 4.089, 4.125, 65.249, 0, 2, 2.602, 4.393, -13.627, -13.620, 33.331, 4.231, 23.350, 0, 0, 100, 0, 0, 0x50, 8637, 1
111, 06/25/2014 05:42:36 PM, 4.234, 4.248, 4.253, 4.217, 4.051, 4.108, 4.086, 4.124, 65.250, 0, 2, 2.602, 4.393, -13.621, -13.611, 33.321, 4.230, 23.350, 0, 0, 100, 0, 0, 0x50, 8638, 1
112, 06/25/2014 05:42:37 PM, 4.233, 4.244, 4.252, 4.216, 4.050, 4.109, 4.087, 4.123, 65.251, 0, 2, 2.602, 4.393, -13.613, -13.605, 33.314, 4.229, 23.350, 0, 0, 100, 0, 0, 0x50, 8639, 1
113, 06/25/2014 05:42:38 PM, 4.232, 4.243, 4.244, 4.208, 4.045, 4.105, 4.083, 4.122, 65.252, 0, 2, 2.602, 4.393, -13.603, -13.593, 33.282, 4.228, 23.350, 0, 0, 100, 0, 0, 0x50, 8640, 1
114, 06/25/2014 05:42:39 PM, 4.231, 4.242, 4.250, 4.209, 4.044, 4.104, 4.082, 4.121, 65.253, 0, 2, 2.602, 4.393, -13.600, -13.593, 33.283, 4.227, 23.350, 0, 0, 100, 0, 0, 0x50, 8641, 1
115, 06/25/2014 05:42:40 PM, 4.230, 4.241, 4.249, 4.206, 4.040, 4.101, 4.079, 4.120, 65.254, 0, 2, 2.602, 4.393, -13.593, -13.584, 33.266, 4.226, 23.350, 0, 0, 100, 0, 0, 0x50, 8641, 1
116, 06/25/2014 05:42:41 PM, 4.229, 4.240, 4.241, 4.215, 4.042, 4.102, 4.078, 4.119, 65.255, 0, 2, 2.602, 4.393, -13.584, -13.578, 33.266, 4.225, 23.350, 0, 0, 100, 0, 0, 0x50, 8642, 1
117, 06/25/2014 05:42:42 PM, 4.228, 4.239, 4.238, 4.204, 4.041, 4.101, 4.084, 4.111, 65.256, 0, 2, 2.602, 4.393, -13.578, -13.571, 33.246, 4.224, 23.350, 0, 0, 100, 0, 0, 0x50, 8643, 1
118, 06/25/2014 05:42:43 PM, 4.227, 4.238, 4.235, 4.203, 4.037, 4.098, 4.076, 4.117, 65.257, 0, 2, 2.602, 4.393, -13.570, -13.562, 33.231, 4.223, 23.350, 0, 0, 100, 0, 0, 0x50, 8644, 1
119, 06/25/2014 05:42:44 PM, 4.226, 4.237, 4.236, 4.202, 4.036, 4.097, 4.075, 4.109, 65.258, 0, 2, 2.602, 4.393, -13.564, -13.555, 33.218, 4.222, 23.450, 0, 0, 100, 4, 5, 0x50, 8645, 1
120, 06/25/2014 05:42:45 PM, 4.225, 4.236, 4.223, 4.257, 4.107, 4.054, 4.070, 4.101, 65.259, 0, 2, 2.602, 4.393, -13.556, -13.585, 33.273, 4.221, 23.450, 0, 0, 100, 4, 5, 0x50, 8646, 1
121, 06/25/2014 05:42:46 PM, 4.224, 4.235, 4.222, 4.252, 4.111, 4.060, 4.069, 4.102, 65.260, 0, 2, 2.602, 4.393, -13.581, -13.575, 33.275, 4.221, 23.450, 0, 0, 100, 4, 5, 0x50, 8647, 1
122, 06/25/2014 05:42:47 PM, 4.224, 4.235, 4.222, 4.249, 4.111, 4.060, 4.069, 4.100, 65.260, 0, 2, 2.602, 4.393, -13.575, -13.566, 33.27, 4.220, 23.350, 0, 0, 100, 4, 5, 0x50, 8648, 1
123, 06/25/2014 05:42:48 PM, 4.223, 4.234, 4.228, 4.260, 4.117, 4.066, 4.082, 4.120, 65.247, 0, 2, 2.602, 4.393, -13.567, -13.562, 33.33, 4.219, 23.350, 0, 0, 100, 4, 5, 0x50, 8649, 1
124, 06/25/2014 05:42:49 PM, 4.222, 4.233, 4.228, 4.259, 4.114, 4.065, 4.081, 4.112, 65.248, 0, 2, 2.602, 4.393, -13.561, -13.556, 33.314, 4.219, 23.350, 0, 0, 100, 4, 5, 0x50, 8650, 1
125, 06/25/2014 05:42:50 PM, 4.222, 4.235, 4.234, 4.266, 4.121, 4.072, 4.088, 4.119, 65.241, 0, 2, 2.602, 4.393, -13.557, -13.550, 33.357, 4.217, 23.350, 0, 0, 100, 4, 5, 0x50, 8651, 1
126, 06/25/2014 05:42:51 PM, 4.220, 4.231, 4.225, 4.257, 4.112, 4.063, 4.079, 4.110, 65.250, 0, 2, 2.602, 4.393, -13.550, -13.544, 33.297, 4.217, 23.450, 0, 0, 100, 4, 5, 0x50, 8652, 1
127, 06/25/2014 05:42:52 PM, 4.220, 4.231, 4.234, 4.264, 4.119, 4.072, 4.085, 4.119, 65.241, 0, 2, 2.602, 4.393, -13.545, -13.538, 33.344, 4.215, 23.450, 0, 0, 100, 4, 5, 0x50, 8653, 1
128, 06/25/2014 05:42:53 PM, 4.218, 4.227, 4.230, 4.260, 4.115, 4.068, 4.081, 4.115, 65.245, 0, 2, 2.602, 4.393, -13.538, -13.532, 33.314, 4.215, 23.450, 0, 0, 100, 4, 5, 0x50, 8654, 1
129, 06/25/2014 05:42:54 PM, 4.218, 4.227, 4.235, 4.258, 4.112, 4.062, 4.075, 4.106, 65.247, 0, 2, 2.602, 4.393, -13.533, -13.527, 33.293, 4.214, 23.550, 0, 0, 100, 4, 5, 0x50, 8655, 1
130, 06/25/2014 05:42:55 PM, 4.217, 4.228, 4.233, 4.261, 4.118, 4.071, 4.084, 4.114, 65.242, 0, 2, 2.602, 4.393, -13.526, -13.526, 33.326, 4.214, 23.550, 0, 0, 100, 4, 5, 0x50, 8656, 1
131, 06/25/2014 05:42:56 PM, 4.217, 4.228, 4.229, 4.261, 4.118, 4.071, 4.084, 4.118, 65.242, 0, 2, 2.602, 4.393, -13.523, -13.514, 33.326, 4.213, 23.550, 0, 0, 100, 4, 5, 0x50, 8657, 1
132, 06/25/2014 05:42:57 PM, 4.216, 4.225, 4.226, 4.260, 4.117, 4.066, 4.079, 4.111, 65.242, 0, 2, 2.602, 4.393, -13.515, -13.507, 33.3, 4.212, 23.550, 0, 0, 100, 4, 5, 0x50, 8658, 1
133, 06/25/2014 05:42:58 PM, 4.215, 4.214, 4.213, 4.247, 4.102, 4.051, 4.064, 4.098, 65.255, 0, 2, 2.602, 4.393, -13.509, -13.502, 33.204, 4.212, 23.550, 0, 0, 100, 4, 5, 0x50, 8659, 1
134, 06/25/2014 05:42:59 PM, 4.215, 4.223, 4.222, 4.258, 4.113, 4.062, 4.075, 4.107, 65.244, 0, 2, 2.602, 4.393, -13.503, -13.498, 33.275, 4.210, 23.550, 0, 0, 100, 4, 5, 0x50, 8660, 1
135, 06/25/2014 05:43:00 PM, 4.213, 4.217, 4.218, 4.252, 4.107, 4.054, 4.069, 4.101, 65.250, 0, 2, 2.602, 4.393, -13.497, -13.491, 33.231, 4.210, 23.550, 0, 0, 100, 4, 5, 0x50, 8661, 1
136, 06/25/2014 05:43:01 PM, 4.213, 4.227, 4.226, 4.257, 4.112, 4.059, 4.074, 4.103, 65.245, 0, 2, 2.602, 4.393, -13.492, -13.486, 33.271, 4.209, 23.550, 0, 0, 100, 4, 5, 0x50, 8662, 1
137, 06/25/2014 05:43:02 PM, 4.212, 4.223, 4.222, 4.258, 4.113, 4.060, 4.075, 4.105, 65.244, 0, 2, 2.602, 4.393, -13.486, -13.479, 33.268, 4.208, 23.550, 0, 0, 100, 4, 5, 0x50, 8663, 1
138, 06/25/2014 05:43:03 PM, 4.211, 4.224, 4.230, 4.258, 4.112, 4.059, 4.074, 4.104, 65.245, 0, 2, 2.602, 4.393, -13.479, -13.481, 33.272, 4.209, 23.550, 0, 0, 100, 4, 5, 0x50, 8664, 1
139, 06/25/2014 05:43:04 PM, 4.212, 4.223, 4.222, 4.258, 4.113, 4.062, 4.077, 4.104, 65.244, 0, 2, 2.602, 4.393, -13.480, -13.474, 33.271, 4.208, 23.650, 0, 0, 100, 4, 5, 0x50, 8665, 1
140, 06/25/2014 05:43:05 PM, 4.211, 4.222, 4.219, 4.257, 4.112, 4.059, 4.074, 4.108, 65.245, 0, 2, 2.602, 4.393, -13.474, -13.468, 33.262, 4.207, 23.650, 0, 0, 100, 4, 5, 0x50, 8666, 1
141, 06/25/2014 05:43:06 PM, 4.210, 4.221, 4.218, 4.256, 4.111, 4.056, 4.073, 4.102, 65.246, 0, 2, 2.602, 4.393, -13.468, -13.462, 33.247, 4.207, 23.650, 0, 0, 100, 4, 5, 0x50, 8667, 1
142, 06/25/2014 05:43:07 PM, 4.210, 4.221, 4.215, 4.256, 4.109, 4.055, 4.069, 4.100, 65.246, 0, 2, 2.602, 4.393, -13.463, -13.457, 33.235, 4.206, 23.650, 0, 0, 100, 4, 5, 0x50, 8668, 1
143, 06/25/2014 05:43:08 PM, 4.209, 4.223, 4.217, 4.255, 4.108, 4.052, 4.065, 4.099, 65.247, 0, 2, 2.602, 4.393, -13.457, -13.452, 33.228, 4.206, 23.650, 0, 0, 100, 4, 5, 0x50, 8669, 1
144, 06/25/2014 05:43:09 PM, 4.209, 4.220, 4.217, 4.255, 4.110, 4.055, 4.068, 4.104, 65.247, 0, 2, 2.602, 4.393, -13.454, -13.450, 33.238, 4.205, 23.650, 0, 0, 100, 4, 5, 0x50, 8670, 1
145, 06/25/2014 05:43:10 PM, 4.208, 4.223, 4.220, 4.258, 4.115, 4.058, 4.066, 4.098, 65.244, 0, 2, 2.602, 4.393, -13.450, -13.444, 33.246, 4.204, 23.650, 0, 0, 100, 4, 5, 0x50, 8671, 1
146, 06/25/2014 05:43:11 PM, 4.207, 4.218, 4.220, 4.253, 4.104, 4.050, 4.061, 4.097, 65.249, 0, 2, 2.602, 4.393, -13.444, -13.438, 33.21, 4.204, 23.650, 0, 0, 100, 4, 5, 0x50, 8672, 1
147, 06/25/2014 05:43:12 PM, 4.207, 4.218, 4.212, 4.253, 4.104, 4.050, 4.061, 4.093, 65.249, 0, 2, 2.602, 4.393, -13.440, -13.436, 33.198, 4.203, 23.750, 0, 0, 100, 4, 5, 0x50, 8673, 1
148, 06/25/2014 05:43:13 PM, 4.206, 4.210, 4.211, 4.252, 4.103, 4.049, 4.060, 4.096, 65.250, 0, 2, 2.602, 4.393, -13.436, -13.429, 33.187, 4.202, 23.750, 0, 0, 100, 4, 5, 0x50, 8674, 1
149, 06/25/2014 05:43:14 PM, 4.205, 4.216, 4.217, 4.258, 4.109, 4.055, 4.066, 4.098, 65.244, 0, 2, 2.602, 4.393, -13.429, -13.424, 33.224, 4.201, 23.750, 0, 0, 100, 4, 5, 0x50, 8675, 1
150, 06/25/2014 05:43:15 PM, 4.204, 4.215, 4.216, 4.257, 4.108, 4.054, 4.065, 4.097, 65.245, 0, 2, 2.602, 4.393, -13.425, -13.420, 33.216, 4.201, 23.750, 0, 0, 100, 4, 5, 0x50, 8676, 1
151, 06/25/2014 05:43:16 PM, 4.204, 4.215, 4.216, 4.257, 4.105, 4.054, 4.063, 4.097, 65.245, 0, 2, 2.602, 4.393, -13.421, -13.415, 33.211, 4.200, 23.750, 0, 0, 100, 4, 5, 0x50, 8677, 1
152, 06/25/2014 05:43:17 PM, 4.203, 4.214, 4.215, 4.256, 4.107, 4.056, 4.062, 4.093, 65.246, 0, 2, 2.602, 4.393, -13.419, -13.415, 33.206, 4.200, 23.750, 0, 0, 100, 4, 5, 0x50, 8678, 1
153, 06/25/2014 05:43:18 PM, 4.203, 4.211, 4.212, 4.253, 4.101, 4.050, 4.058, 4.090, 65.249, 0, 2, 2.602, 4.393, -13.417, -13.411, 33.178, 4.199, 23.750, 0, 0, 100, 4, 5, 0x50, 8679, 1
154, 06/25/2014 05:43:19 PM, 4.202, 4.213, 4.214, 4.255, 4.106, 4.052, 4.060, 4.092, 65.247, 0, 2, 2.602, 4.393, -13.411, -13.405, 33.194, 4.199, 23.750, 0, 0, 100, 4, 5, 0x50, 8680, 1
155, 06/25/2014 05:43:20 PM, 4.202, 4.214, 4.219, 4.260, 4.111, 4.057, 4.068, 4.097, 65.242, 0, 2, 2.602, 4.393, -13.406, -13.397, 33.228, 4.198, 23.750, 0, 0, 100, 4, 5, 0x50, 8681, 1
156, 06/25/2014 05:43:21 PM, 4.201, 4.216, 4.217, 4.258, 4.106, 4.055, 4.061, 4.095, 65.244, 0, 2, 2.602, 4.393, -13.397, -13.392, 33.209, 4.197, 23.850, 0, 0, 100, 4, 5, 0x50, 8682, 1
157, 06/25/2014 05:43:22 PM, 4.200, 4.211, 4.213, 4.253, 4.101, 4.043, 4.056, 4.090, 65.249, 0, 2, 2.602, 4.393, -13.393, -13.388, 33.167, 4.197, 23.850, 0, 0, 100, 4, 5, 0x50, 8683, 1
158, 06/25/2014 05:43:23 PM, 4.200, 4.211, 4.219, 4.260, 4.108, 4.057, 4.068, 4.097, 65.242, 0, 2, 2.602, 4.393, -13.390, -13.386, 33.22, 4.196, 23.850, 0, 0, 100, 4, 5, 0x50, 8684, 1
159, 06/25/2014 05:43:24 PM, 4.199, 4.210, 4.218, 4.259, 4.107, 4.052, 4.062, 4.096, 65.243, 0, 2, 2.602, 4.393, -13.387, -13.383, 33.203, 4.196, 23.850, 0, 0, 100, 4, 5, 0x50, 8685, 1
160, 06/25/2014 05:43:25 PM, 4.199, 4.210, 4.218, 4.259, 4.103, 4.049, 4.062, 4.089, 65.243, 0, 2, 2.602, 4.393, -13.383, -13.375, 33.189, 4.195, 23.850, 0, 0, 100, 4, 5, 0x50, 8686, 1
161, 06/25/2014 05:43:26 PM, 4.198, 4.209, 4.217, 4.258, 4.106, 4.051, 4.061, 4.098, 65.244, 0, 2, 2.602, 4.393, -13.377, -13.372, 33.198, 4.194, 23.850, 0, 0, 100, 4, 5, 0x50, 8687, 1
162, 06/25/2014 05:43:27 PM, 4.197, 4.206, 4.214, 4.255, 4.103, 4.045, 4.058, 4.092, 65.247, 0, 2, 2.602, 4.393, -13.373, -13.367, 33.17, 4.194, 23.850, 0, 0, 100, 4, 5, 0x50, 8688, 1
163, 06/25/2014 05:43:28 PM, 4.197, 4.208, 4.216, 4.257, 4.105, 4.047, 4.060, 4.090, 65.245, 0, 2, 2.602, 4.393, -13.369, -13.363, 33.18, 4.193, 23.850, 0, 0, 100, 4, 5, 0x50, 8689, 1
164, 06/25/2014 05:43:29 PM, 4.196, 4.207, 4.215, 4.256, 4.104, 4.053, 4.059, 4.086, 65.246, 0, 2, 2.602, 4.393, -13.364, -13.359, 33.176, 4.193, 23.950, 0, 0, 100, 4, 5, 0x50, 8690, 1
165, 06/25/2014 05:43:30 PM, 4.196, 4.211, 4.219, 4.260, 4.103, 4.050, 4.063, 4.092, 65.242, 0, 2, 2.602, 4.393, -13.360, -13.356, 33.194, 4.192, 23.950, 0, 0, 100, 4, 5, 0x50, 8691, 1
166, 06/25/2014 05:43:31 PM, 4.195, 4.206, 4.214, 4.255, 4.099, 4.041, 4.054, 4.085, 65.247, 0, 2, 2.602, 4.393, -13.356, -13.351, 33.149, 4.191, 23.950, 0, 0, 100, 4, 5, 0x50, 8692, 1
167, 06/25/2014 05:43:31 PM, 4.194, 4.209, 4.217, 4.258, 4.099, 4.048, 4.061, 4.088, 65.244, 0, 2, 2.602, 4.393, -13.353, -13.346, 33.174, 4.191, 23.950, 0, 0, 100, 4, 5, 0x50, 8693, 1
168, 06/25/2014 05:43:32 PM, 4.194, 4.205, 4.213, 4.254, 4.095, 4.040, 4.053, 4.084, 65.248, 0, 2, 2.602, 4.393, -13.347, -13.341, 33.138, 4.191, 23.950, 0, 0, 100, 4, 5, 0x50, 8694, 1
169, 06/25/2014 05:43:33 PM, 4.194, 4.208, 4.220, 4.261, 4.104, 4.051, 4.064, 4.094, 65.241, 0, 2, 2.602, 4.393, -13.342, -13.337, 33.196, 4.190, 23.950, 0, 0, 100, 4, 5, 0x50, 8695, 1
170, 06/25/2014 05:43:34 PM, 4.193, 4.204, 4.212, 4.253, 4.094, 4.036, 4.049, 4.083, 65.249, 0, 2, 2.602, 4.393, -13.339, -13.335, 33.124, 4.189, 23.950, 0, 0, 100, 4, 5, 0x50, 8696, 1
171, 06/25/2014 05:43:35 PM, 4.192, 4.199, 4.211, 4.252, 4.093, 4.038, 4.051, 4.082, 65.250, 0, 2, 2.602, 4.393, -13.336, -13.332, 33.118, 4.189, 23.950, 0, 0, 100, 4, 5, 0x50, 8697, 1
172, 06/25/2014 05:43:36 PM, 4.192, 4.206, 4.218, 4.259, 4.103, 4.042, 4.055, 4.085, 65.243, 0, 2, 2.602, 4.393, -13.333, -13.325, 33.16, 4.188, 23.950, 0, 0, 100, 4, 5, 0x50, 8698, 1
173, 06/25/2014 05:43:37 PM, 4.191, 4.204, 4.217, 4.258, 4.106, 4.041, 4.054, 4.095, 65.244, 0, 2, 2.602, 4.393, -13.325, -13.320, 33.166, 4.188, 23.950, 0, 0, 100, 4, 5, 0x50, 8699, 1
174, 06/25/2014 05:43:38 PM, 4.191, 4.202, 4.219, 4.246, 4.101, 4.043, 4.056, 4.090, 65.242, 0, 2, 2.602, 4.393, -13.322, -13.318, 33.148, 4.187, 24.050, 0, 0, 100, 4, 5, 0x50, 8700, 1
175, 06/25/2014 05:43:39 PM, 4.190, 4.203, 4.216, 4.257, 4.098, 4.040, 4.053, 4.083, 65.245, 0, 2, 2.602, 4.393, -13.319, -13.316, 33.14, 4.187, 24.050, 0, 0, 100, 4, 5, 0x50, 8701, 1
176, 06/25/2014 05:43:40 PM, 4.190, 4.210, 4.218, 4.245, 4.100, 4.042, 4.055, 4.089, 65.243, 0, 2, 2.602, 4.393, -13.317, -13.313, 33.149, 4.186, 24.050, 0, 0, 100, 4, 5, 0x50, 8702, 1
177, 06/25/2014 05:43:41 PM, 4.189, 4.193, 4.208, 4.235, 4.090, 4.032, 4.041, 4.075, 65.253, 0, 2, 2.602, 4.393, -13.317, -13.313, 33.063, 4.186, 24.050, 0, 0, 100, 4, 5, 0x50, 8703, 1
178, 06/25/2014 05:43:42 PM, 4.188, 4.199, 4.216, 4.243, 4.098, 4.040, 4.049, 4.082, 65.245, 0, 2, 2.602, 4.393, -13.313, -13.307, 33.115, 4.185, 24.050, 0, 0, 100, 4, 5, 0x50, 8704, 1
179, 06/25/2014 05:43:43 PM, 4.188, 4.201, 4.218, 4.245, 4.107, 4.042, 4.050, 4.082, 65.243, 0, 2, 2.602, 4.393, -13.309, -13.305, 33.133, 4.185, 24.050, 0, 0, 100, 4, 5, 0x50, 8705, 1
180, 06/25/2014 05:43:44 PM, 4.187, 4.201, 4.206, 4.247, 4.102, 4.051, 4.057, 4.086, 65.241, 0, 2, 2.602, 4.393, -13.307, -13.301, 33.137, 4.184, 24.050, 0, 0, 100, 4, 5, 0x50, 8706, 1
181, 06/25/2014 05:43:45 PM, 4.187, 4.200, 4.217, 4.258, 4.099, 4.041, 4.047, 4.081, 65.244, 0, 2, 2.602, 4.393, -13.302, -13.297, 33.13, 4.184, 24.050, 0, 0, 100, 4, 5, 0x50, 8707, 1
182, 06/25/2014 05:43:46 PM, 4.186, 4.190, 4.195, 4.231, 4.087, 4.033, 4.041, 4.073, 65.252, 0, 2, 2.602, 4.393, -13.298, -13.290, 33.036, 4.183, 24.050, 0, 0, 100, 4, 5, 0x50, 8708, 1
183, 06/25/2014 05:43:47 PM, 4.186, 4.197, 4.198, 4.241, 4.101, 4.043, 4.052, 4.083, 65.242, 0, 2, 2.602, 4.393, -13.292, -13.286, 33.101, 4.183, 24.150, 0, 0, 100, 4, 5, 0x50, 8709, 1
184, 06/25/2014 05:43:48 PM, 4.185, 4.199, 4.204, 4.240, 4.100, 4.042, 4.058, 4.082, 65.243, 0, 2, 2.602, 4.393, -13.288, -13.284, 33.11, 4.182, 24.150, 0, 0, 100, 4, 5, 0x50, 8710, 1
185, 06/25/2014 05:43:49 PM, 4.184, 4.195, 4.196, 4.237, 4.099, 4.041, 4.054, 4.084, 65.244, 0, 2, 2.602, 4.393, -13.285, -13.280, 33.09, 4.181, 24.150, 0, 0, 100, 4, 5, 0x50, 8711, 1
186, 06/25/2014 05:43:50 PM, 4.184, 4.195, 4.196, 4.237, 4.095, 4.041, 4.050, 4.081, 65.244, 0, 2, 2.602, 4.393, -13.282, -13.278, 33.079, 4.181, 24.150, 0, 0, 100, 4, 5, 0x50, 8712, 1
187, 06/25/2014 05:43:51 PM, 4.184, 4.195, 4.196, 4.237, 4.095, 4.041, 4.050, 4.081, 65.244, 0, 2, 2.602, 4.393, -13.280, -13.274, 33.079, 4.181, 24.150, 0, 0, 100, 4, 5, 0x50, 8713, 1
188, 06/25/2014 05:43:52 PM, 4.184, 4.195, 4.196, 4.237, 4.099, 4.041, 4.050, 4.079, 65.244, 0, 2, 2.602, 4.393, -13.275, -13.274, 33.081, 4.181, 24.150, 0, 0, 100, 4, 5, 0x50, 8714, 1
189, 06/25/2014 05:43:53 PM, 4.184, 4.200, 4.199, 4.258, 4.095, 4.034, 4.047, 4.077, 65.244, 0, 2, 2.602, 4.393, -13.268, -13.270, 33.094, 4.180, 24.150, 0, 0, 100, 4, 5, 0x50, 8715, 1
190, 06/25/2014 05:43:54 PM, 4.183, 4.196, 4.216, 4.236, 4.091, 4.033, 4.046, 4.078, 65.245, 0, 2, 2.602, 4.393, -13.264, -13.262, 33.079, 4.180, 24.150, 0, 0, 100, 4, 5, 0x50, 8716, 1
191, 06/25/2014 05:43:55 PM, 4.183, 4.194, 4.191, 4.234, 4.091, 4.031, 4.046, 4.078, 65.245, 0, 2, 2.602, 4.393, -13.269, -13.261, 33.048, 4.179, 24.150, 0, 0, 100, 4, 5, 0x50, 8717, 1
192, 06/25/2014 05:43:56 PM, 4.182, 4.186, 4.183, 4.226, 4.081, 4.023, 4.038, 4.068, 65.253, 0, 2, 2.602, 4.393, -13.267, -13.266, 32.987, 4.179, 24.250, 0, 0, 100, 4, 5, 0x50, 8718, 1
193, 06/25/2014 05:43:57 PM, 4.182, 4.193, 4.194, 4.235, 4.097, 4.030, 4.045, 4.074, 65.246, 0, 2, 2.602, 4.393, -13.263, -13.261, 33.05, 4.178, 24.250, 0, 0, 100, 4, 5, 0x50, 8719, 1
194, 06/25/2014 05:43:58 PM, 4.181, 4.197, 4.195, 4.232, 4.089, 4.029, 4.044, 4.073, 65.247, 0, 2, 2.602, 4.393, -13.260, -13.259, 33.04, 4.178, 24.250, 0, 0, 100, 4, 5, 0x50, 8720, 1
195, 06/25/2014 05:43:59 PM, 4.181, 4.192, 4.191, 4.237, 4.087, 4.027, 4.044, 4.073, 65.247, 0, 2, 2.602, 4.393, -13.257, -13.254, 33.032, 4.178, 24.350, 0, 0, 100, 4, 5, 0x50, 8721, 1
196, 06/25/2014 05:44:00 PM, 4.181, 4.192, 4.191, 4.232, 4.089, 4.038, 4.044, 4.071, 65.247, 0, 2, 2.602, 4.393, -13.255, -13.254, 33.038, 4.178, 24.250, 0, 0, 100, 4, 5, 0x50, 8722, 1
197, 06/25/2014 05:44:01 PM, 4.181, 4.192, 4.191, 4.232, 4.089, 4.029, 4.044, 4.074, 65.247, 0, 2, 2.602, 4.393, -13.251, -13.249, 33.032, 4.178, 24.250, 0, 0, 100, 4, 5, 0x50, 8723, 1
198, 06/25/2014 05:44:02 PM, 4.181, 4.189, 4.185, 4.226, 4.084, 4.024, 4.034, 4.068, 65.250, 0, 2, 2.602, 4.393, -13.246, -13.245, 32.991, 4.177, 24.250, 0, 0, 100, 4, 5, 0x50, 8724, 1
199, 06/25/2014 05:44:03 PM, 4.180, 4.194, 4.190, 4.229, 4.086, 4.028, 4.043, 4.070, 65.248, 0, 2, 2.602, 4.393, -13.240, -13.240, 33.02, 4.176, 24.250, 0, 0, 100, 4, 5, 0x50, 8725, 1
200, 06/25/2014 05:44:04 PM, 4.179, 4.190, 4.198, 4.228, 4.083, 4.025, 4.035, 4.069, 65.249, 0, 2, 2.602, 4.393, -13.237, -13.236, 33.007, 4.176, 24.250, 0, 0, 100, 4, 5, 0x50, 8725, 1
201, 06/25/2014 05:44:05 PM, 4.179, 4.190, 4.189, 4.234, 4.087, 4.025, 4.035, 4.069, 65.249, 0, 2, 2.602, 4.393, -13.236, -13.235, 33.008, 4.175, 24.250, 0, 0, 100, 4, 5, 0x50, 8726, 1
202, 06/25/2014 05:44:06 PM, 4.178, 4.189, 4.186, 4.229, 4.086, 4.035, 4.041, 4.068, 65.250, 0, 2, 2.602, 4.393, -13.234, -13.232, 33.012, 4.175, 24.350, 0, 0, 100, 4, 5, 0x50, 8727, 1
203, 06/25/2014 05:44:07 PM, 4.178, 4.192, 4.190, 4.233, 4.091, 4.031, 4.044, 4.080, 65.243, 0, 2, 2.602, 4.393, -13.229, -13.229, 33.039, 4.175, 24.350, 0, 0, 100, 4, 5, 0x50, 8728, 1
204, 06/25/2014 05:44:08 PM, 4.178, 4.189, 4.183, 4.226, 4.084, 4.026, 4.041, 4.071, 65.250, 0, 2, 2.602, 4.393, -13.226, -13.225, 32.998, 4.175, 24.350, 0, 0, 100, 4, 5, 0x50, 8729, 1
205, 06/25/2014 05:44:09 PM, 4.178, 4.189, 4.190, 4.231, 4.089, 4.031, 4.041, 4.075, 65.243, 0, 2, 2.602, 4.393, -13.223, -13.221, 33.024, 4.174, 24.350, 0, 0, 100, 4, 5, 0x50, 8730, 1
206, 06/25/2014 05:44:10 PM, 4.177, 4.181, 4.182, 4.225, 4.081, 4.020, 4.033, 4.067, 65.251, 0, 2, 2.602, 4.393, -13.222, -13.220, 32.966, 4.174, 24.350, 0, 0, 100, 4, 5, 0x50, 8731, 1
207, 06/25/2014 05:44:11 PM, 4.177, 4.181, 4.182, 4.223, 4.080, 4.020, 4.029, 4.067, 65.251, 0, 2, 2.602, 4.393, -13.217, -13.217, 32.959, 4.174, 24.350, 0, 0, 100, 4, 5, 0x50, 8732, 1
208, 06/25/2014 05:44:12 PM, 4.177, 4.188, 4.189, 4.232, 4.092, 4.029, 4.040, 4.074, 65.244, 0, 2, 2.602, 4.393, -13.215, -13.213, 33.021, 4.173, 24.350, 0, 0, 100, 4, 5, 0x50, 8733, 1
209, 06/25/2014 05:44:13 PM, 4.176, 4.187, 4.188, 4.229, 4.087, 4.029, 4.039, 4.073, 65.245, 0, 2, 2.602, 4.393, -13.212, -13.211, 33.008, 4.173, 24.350, 0, 0, 100, 4, 5, 0x50, 8734, 1
210, 06/25/2014 05:44:14 PM, 4.176, 4.191, 4.185, 4.226, 4.081, 4.023, 4.034, 4.070, 65.248, 0, 2, 2.602, 4.393, -13.209, -13.207, 32.986, 4.172, 24.450, 0, 0, 100, 4, 5, 0x50, 8735, 1
211, 06/25/2014 05:44:15 PM, 4.175, 4.186, 4.187, 4.228, 4.086, 4.032, 4.038, 4.072, 65.246, 0, 2, 2.602, 4.393, -13.207, -13.205, 33.004, 4.172, 24.450, 0, 0, 100, 0, 0, 0x50, 8736, 1
212, 06/25/2014 05:44:16 PM, 4.175, 4.179, 4.194, 4.168, 4.009, 4.051, 4.029, 4.065, 65.253, 0, 2, 2.602, 4.393, -13.196, -13.203, 32.87, 4.172, 24.450, 0, 0, 100, 0, 0, 0x50, 8737, 1
213, 06/25/2014 05:44:17 PM, 4.175, 4.190, 4.205, 4.178, 4.020, 4.064, 4.040, 4.076, 65.242, 0, 2, 2.602, 4.393, -13.175, -13.173, 32.948, 4.171, 24.450, 0, 0, 100, 0, 0, 0x50, 8738, 1
214, 06/25/2014 05:44:18 PM, 4.174, 4.185, 4.200, 4.174, 4.019, 4.066, 4.033, 4.067, 65.247, 0, 2, 2.602, 4.393, -13.170, -13.169, 32.918, 4.171, 24.450, 0, 0, 100, 0, 0, 0x50, 8739, 1
215, 06/25/2014 05:44:19 PM, 4.174, 4.192, 4.200, 4.171, 4.012, 4.055, 4.032, 4.067, 65.247, 0, 2, 2.602, 4.393, -13.165, -13.164, 32.903, 4.170, 24.450, 0, 0, 100, 4, 5, 0x50, 8740, 1
216, 06/25/2014 05:44:20 PM, 4.173, 4.184, 4.186, 4.231, 4.086, 4.028, 4.039, 4.075, 65.243, 0, 2, 2.602, 4.393, -13.171, -13.162, 33.002, 4.170, 24.450, 0, 0, 100, 4, 5, 0x50, 8741, 1
217, 06/25/2014 05:44:21 PM, 4.173, 4.181, 4.182, 4.223, 4.080, 4.020, 4.029, 4.067, 65.251, 0, 2, 2.602, 4.393, -13.188, -13.186, 32.955, 4.170, 24.550, 0, 0, 100, 4, 5, 0x50, 8742, 1
218, 06/25/2014 05:44:22 PM, 4.173, 4.191, 4.185, 4.226, 4.081, 4.019, 4.031, 4.066, 65.248, 0, 2, 2.602, 4.393, -13.184, -13.183, 32.972, 4.170, 24.550, 0, 0, 100, 4, 5, 0x50, 8743, 1
219, 06/25/2014 05:44:23 PM, 4.173, 4.188, 4.189, 4.233, 4.087, 4.025, 4.035, 4.067, 65.244, 0, 2, 2.602, 4.393, -13.180, -13.178, 32.997, 4.169, 24.550, 0, 0, 100, 4, 5, 0x50, 8744, 1
220, 06/25/2014 05:44:24 PM, 4.172, 4.185, 4.187, 4.232, 4.087, 4.029, 4.049, 4.072, 65.242, 0, 2, 2.602, 4.393, -13.180, -13.176, 33.013, 4.169, 24.550, 0, 0, 100, 4, 5, 0x50, 8745, 1
221, 06/25/2014 05:44:25 PM, 4.172, 4.183, 4.184, 4.228, 4.087, 4.025, 4.037, 4.072, 65.242, 0, 2, 2.602, 4.393, -13.181, -13.179, 32.988, 4.169, 24.550, 0, 0, 100, 4, 5, 0x50, 8746, 1
222, 06/25/2014 05:44:26 PM, 4.172, 4.183, 4.185, 4.230, 4.085, 4.025, 4.036, 4.070, 65.244, 0, 2, 2.602, 4.393, -13.179, -13.178, 32.986, 4.168, 24.550, 0, 0, 100, 4, 5, 0x50, 8747, 1
223, 06/25/2014 05:44:27 PM, 4.171, 4.170, 4.169, 4.217, 4.072, 4.010, 4.020, 4.054, 65.257, 0, 2, 2.602, 4.393, -13.176, -13.175, 32.883, 4.168, 24.550, 0, 0, 100, 4, 5, 0x50, 8748, 1
224, 06/25/2014 05:44:28 PM, 4.171, 4.182, 4.186, 4.231, 4.091, 4.028, 4.034, 4.068, 65.243, 0, 2, 2.602, 4.393, -13.174, -13.172, 32.991, 4.167, 24.550, 0, 0, 100, 4, 5, 0x50, 8749, 1
225, 06/25/2014 05:44:29 PM, 4.170, 4.169, 4.168, 4.212, 4.071, 4.009, 4.019, 4.053, 65.258, 0, 2, 2.602, 4.393, -13.172, -13.170, 32.871, 4.167, 24.550, 0, 0, 100, 4, 5, 0x50, 8750, 1
226, 06/25/2014 05:44:30 PM, 4.170, 4.181, 4.182, 4.230, 4.085, 4.023, 4.033, 4.067, 65.244, 0, 2, 2.602, 4.393, -13.169, -13.168, 32.971, 4.167, 24.550, 0, 0, 100, 4, 5, 0x50, 8751, 1
227, 06/25/2014 05:44:31 PM, 4.170, 4.181, 4.182, 4.226, 4.085, 4.023, 4.033, 4.067, 65.244, 0, 2, 2.602, 4.393, -13.166, -13.164, 32.967, 4.166, 24.650, 0, 0, 100, 4, 5, 0x50, 8752, 1
228, 06/25/2014 05:44:32 PM, 4.169, 4.180, 4.181, 4.225, 4.084, 4.022, 4.032, 4.066, 65.245, 0, 2, 2.602, 4.393, -13.164, -13.164, 32.959, 4.166, 24.650, 0, 0, 100, 4, 5, 0x50, 8753, 1
229, 06/25/2014 05:44:33 PM, 4.169, 4.178, 4.179, 4.223, 4.082, 4.017, 4.030, 4.064, 65.247, 0, 2, 2.602, 4.393, -13.161, -13.160, 32.942, 4.166, 24.650, 0, 0, 100, 4, 5, 0x50, 8754, 1
230, 06/25/2014 05:44:34 PM, 4.169, 4.180, 4.181, 4.225, 4.084, 4.019, 4.032, 4.066, 65.245, 0, 2, 2.602, 4.393, -13.158, -13.157, 32.956, 4.165, 24.750, 0, 0, 100, 4, 5, 0x50, 8755, 1
231, 06/25/2014 05:44:35 PM, 4.168, 4.179, 4.180, 4.228, 4.083, 4.021, 4.036, 4.065, 65.246, 0, 2, 2.602, 4.393, -13.155, -13.153, 32.96, 4.165, 24.750, 0, 0, 100, 4, 5, 0x50, 8756, 1
232, 06/25/2014 05:44:36 PM, 4.168, 4.179, 4.180, 4.224, 4.086, 4.021, 4.031, 4.058, 65.246, 0, 2, 2.602, 4.393, -13.152, -13.151, 32.947, 4.164, 24.750, 0, 0, 100, 4, 5, 0x50, 8757, 1
233, 06/25/2014 05:44:37 PM, 4.167, 4.178, 4.179, 4.227, 4.082, 4.017, 4.026, 4.057, 65.247, 0, 2, 2.602, 4.393, -13.152, -13.149, 32.933, 4.164, 24.750, 0, 0, 100, 4, 5, 0x50, 8758, 1
234, 06/25/2014 05:44:38 PM, 4.167, 4.178, 4.179, 4.227, 4.082, 4.013, 4.026, 4.057, 65.247, 0, 2, 2.602, 4.393, -13.152, -13.149, 32.929, 4.164, 24.750, 0, 0, 100, 4, 5, 0x50, 8759, 1
235, 06/25/2014 05:44:39 PM, 4.167, 4.178, 4.179, 4.227, 4.082, 4.017, 4.026, 4.057, 65.247, 0, 2, 2.602, 4.393, -13.149, -13.146, 32.933, 4.164, 24.750, 0, 0, 100, 4, 5, 0x50, 8760, 1
236, 06/25/2014 05:44:40 PM, 4.167, 4.178, 4.179, 4.223, 4.082, 4.017, 4.026, 4.057, 65.247, 0, 2, 2.602, 4.393, -13.145, -13.144, 32.929, 4.163, 24.750, 0, 0, 100, 4, 5, 0x50, 8761, 1
237, 06/25/2014 05:44:41 PM, 4.166, 4.177, 4.174, 4.219, 4.081, 4.016, 4.032, 4.059, 65.248, 0, 2, 2.602, 4.393, -13.144, -13.142, 32.924, 4.163, 24.850, 0, 0, 100, 4, 5, 0x50, 8762, 1
238, 06/25/2014 05:44:42 PM, 4.166, 4.177, 4.173, 4.219, 4.081, 4.016, 4.029, 4.058, 65.248, 0, 2, 2.602, 4.393, -13.140, -13.139, 32.919, 4.163, 24.750, 0, 0, 100, 4, 5, 0x50, 8763, 1
239, 06/25/2014 05:44:43 PM, 4.166, 4.174, 4.168, 4.216, 4.078, 4.013, 4.022, 4.053, 65.251, 0, 2, 2.602, 4.393, -13.139, -13.137, 32.89, 4.163, 24.850, 0, 0, 100, 4, 5, 0x50, 8764, 1
240, 06/25/2014 05:44:44 PM, 4.166, 4.177, 4.181, 4.219, 4.081, 4.012, 4.025, 4.056, 65.248, 0, 2, 2.602, 4.393, -13.137, -13.136, 32.917, 4.162, 24.850, 0, 0, 100, 4, 5, 0x50, 8765, 1
241, 06/25/2014 05:44:45 PM, 4.165, 4.176, 4.180, 4.218, 4.080, 4.011, 4.024, 4.055, 65.249, 0, 2, 2.602, 4.393, -13.133, -13.131, 32.909, 4.162, 24.850, 0, 0, 100, 4, 5, 0x50, 8766, 1
242, 06/25/2014 05:44:46 PM, 4.165, 4.169, 4.170, 4.218, 4.080, 4.011, 4.024, 4.055, 65.249, 0, 2, 2.602, 4.393, -13.128, -13.127, 32.892, 4.161, 24.850, 0, 0, 100, 4, 5, 0x50, 8767, 1
243, 06/25/2014 05:44:47 PM, 4.164, 4.182, 4.176, 4.224, 4.086, 4.026, 4.034, 4.061, 65.243, 0, 2, 2.602, 4.393, -13.125, -13.123, 32.953, 4.161, 24.850, 0, 0, 100, 4, 5, 0x50, 8768, 1
244, 06/25/2014 05:44:48 PM, 4.164, 4.177, 4.169, 4.213, 4.072, 4.007, 4.020, 4.054, 65.250, 0, 2, 2.602, 4.393, -13.123, -13.121, 32.876, 4.161, 24.850, 0, 0, 100, 4, 5, 0x50, 8769, 1
245, 06/25/2014 05:44:49 PM, 4.164, 4.177, 4.178, 4.222, 4.081, 4.018, 4.032, 4.063, 65.241, 0, 2, 2.602, 4.393, -13.120, -13.118, 32.935, 4.161, 24.850, 0, 0, 100, 4, 5, 0x50, 8770, 1
246, 06/25/2014 05:44:50 PM, 4.164, 4.177, 4.178, 4.226, 4.081, 4.018, 4.032, 4.063, 65.241, 0, 2, 2.602, 4.393, -13.119, -13.117, 32.939, 4.160, 24.850, 0, 0, 100, 4, 5, 0x50, 8771, 1
247, 06/25/2014 05:44:51 PM, 4.163, 4.176, 4.177, 4.225, 4.087, 4.025, 4.035, 4.062, 65.242, 0, 2, 2.602, 4.393, -13.115, -13.115, 32.95, 4.160, 24.850, 0, 0, 100, 4, 5, 0x50, 8772, 1
248, 06/25/2014 05:44:52 PM, 4.163, 4.181, 4.175, 4.226, 4.085, 4.013, 4.026, 4.060, 65.244, 0, 2, 2.602, 4.393, -13.111, -13.111, 32.929, 4.159, 24.950, 0, 0, 100, 4, 5, 0x50, 8773, 1
249, 06/25/2014 05:44:53 PM, 4.162, 4.173, 4.167, 4.215, 4.070, 4.007, 4.018, 4.052, 65.252, 0, 2, 2.602, 4.393, -13.110, -13.108, 32.864, 4.159, 24.950, 0, 0, 100, 4, 5, 0x50, 8774, 1
250, 06/25/2014 05:44:54 PM, 4.162, 4.176, 4.174, 4.218, 4.077, 4.012, 4.025, 4.059, 65.245, 0, 2, 2.602, 4.393, -13.109, -13.106, 32.903, 4.159, 24.950, 0, 0, 100, 4, 5, 0x50, 8775, 1
251, 06/25/2014 05:44:54 PM, 4.162, 4.175, 4.176, 4.224, 4.079, 4.014, 4.027, 4.061, 65.243, 0, 2, 2.602, 4.393, -13.106, -13.104, 32.918, 4.158, 24.950, 0, 0, 100, 4, 5, 0x50, 8776, 1
252, 06/25/2014 05:44:55 PM, 4.161, 4.165, 4.166, 4.210, 4.069, 4.004, 4.017, 4.051, 65.253, 0, 2, 2.602, 4.393, -13.104, -13.103, 32.843, 4.158, 24.950, 0, 0, 100, 4, 5, 0x50, 8777, 1
253, 06/25/2014 05:44:56 PM, 4.161, 4.172, 4.166, 4.210, 4.069, 4.004, 4.017, 4.051, 65.253, 0, 2, 2.602, 4.393, -13.104, -13.102, 32.85, 4.158, 24.950, 0, 0, 100, 4, 5, 0x50, 8778, 1
254, 06/25/2014 05:44:57 PM, 4.161, 4.181, 4.175, 4.218, 4.078, 4.013, 4.026, 4.060, 65.244, 0, 2, 2.602, 4.393, -13.102, -13.100, 32.912, 4.158, 24.950, 0, 0, 100, 4, 5, 0x50, 8779, 1
255, 06/25/2014 05:44:58 PM, 4.161, 4.176, 4.177, 4.225, 4.087, 4.015, 4.028, 4.062, 65.242, 0, 2, 2.602, 4.393, -13.100, -13.098, 32.931, 4.157, 24.950, 0, 0, 100, 4, 5, 0x50, 8780, 1
256, 06/25/2014 05:44:59 PM, 4.160, 4.176, 4.179, 4.222, 4.082, 4.024, 4.033, 4.064, 65.240, 0, 2, 2.602, 4.393, -13.099, -13.097, 32.94, 4.157, 25.050, 0, 0, 100, 4, 5, 0x50, 8781, 1
257, 06/25/2014 05:45:00 PM, 4.160, 4.176, 4.172, 4.220, 4.078, 4.017, 4.030, 4.064, 65.240, 0, 2, 2.602, 4.393, -13.099, -13.096, 32.917, 4.156, 25.050, 0, 0, 100, 4, 5, 0x50, 8782, 1
258, 06/25/2014 05:45:01 PM, 4.159, 4.179, 4.173, 4.214, 4.069, 4.007, 4.019, 4.051, 65.246, 0, 2, 2.602, 4.393, -13.096, -13.095, 32.871, 4.156, 25.050, 0, 0, 100, 4, 5, 0x50, 8783, 1
259, 06/25/2014 05:45:02 PM, 4.159, 4.172, 4.175, 4.223, 4.078, 4.006, 4.019, 4.053, 65.244, 0, 2, 2.602, 4.393, -13.093, -13.092, 32.885, 4.156, 25.050, 0, 0, 100, 4, 5, 0x50, 8784, 1
260, 06/25/2014 05:45:03 PM, 4.159, 4.175, 4.174, 4.219, 4.081, 4.023, 4.025, 4.054, 65.241, 0, 2, 2.602, 4.393, -13.090, -13.088, 32.91, 4.156, 25.050, 0, 0, 100, 4, 5, 0x50, 8785, 1
261, 06/25/2014 05:45:04 PM, 4.159, 4.175, 4.171, 4.219, 4.076, 4.016, 4.029, 4.063, 65.241, 0, 2, 2.602, 4.393, -13.090, -13.088, 32.908, 4.156, 25.050, 0, 0, 100, 4, 5, 0x50, 8786, 1
262, 06/25/2014 05:45:05 PM, 4.158, 4.172, 4.166, 4.216, 4.071, 4.009, 4.022, 4.056, 65.244, 0, 2, 2.602, 4.393, -13.089, -13.087, 32.87, 4.155, 25.050, 0, 0, 100, 4, 5, 0x50, 8787, 1
263, 06/25/2014 05:45:06 PM, 4.158, 4.167, 4.163, 4.213, 4.070, 4.006, 4.019, 4.050, 65.247, 0, 2, 2.602, 4.393, -13.087, -13.086, 32.846, 4.155, 25.050, 0, 0, 100, 4, 5, 0x50, 8788, 1
264, 06/25/2014 05:45:07 PM, 4.157, 4.168, 4.166, 4.214, 4.069, 4.007, 4.019, 4.051, 65.246, 0, 2, 2.602, 4.393, -13.084, -13.083, 32.851, 4.154, 25.050, 0, 0, 100, 4, 5, 0x50, 8789, 1
265, 06/25/2014 05:45:08 PM, 4.157, 4.171, 4.169, 4.217, 4.072, 4.010, 4.023, 4.061, 65.243, 0, 2, 2.602, 4.393, -13.082, -13.080, 32.88, 4.154, 25.150, 0, 0, 100, 4, 5, 0x50, 8790, 1
266, 06/25/2014 05:45:09 PM, 4.157, 4.171, 4.169, 4.217, 4.074, 4.014, 4.020, 4.052, 65.243, 0, 2, 2.602, 4.393, -13.078, -13.078, 32.874, 4.154, 25.150, 0, 0, 100, 4, 5, 0x50, 8791, 1
267, 06/25/2014 05:45:10 PM, 4.157, 4.173, 4.176, 4.217, 4.072, 4.007, 4.020, 4.052, 65.243, 0, 2, 2.602, 4.393, -13.078, -13.076, 32.874, 4.154, 25.150, 0, 0, 100, 4, 5, 0x50, 8792, 1
268, 06/25/2014 05:45:11 PM, 4.156, 4.181, 4.170, 4.216, 4.071, 4.006, 4.019, 4.049, 65.244, 0, 2, 2.602, 4.393, -13.076, -13.075, 32.868, 4.153, 25.150, 0, 0, 100, 4, 5, 0x50, 8793, 1
269, 06/25/2014 05:45:12 PM, 4.157, 4.182, 4.167, 4.213, 4.072, 4.005, 4.020, 4.052, 65.243, 0, 2, 2.602, 4.393, -13.074, -13.072, 32.868, 4.154, 25.150, 0, 0, 99, 4, 5, 0x50, 8794, 1
270, 06/25/2014 05:45:13 PM, 4.156, 4.181, 4.164, 4.212, 4.071, 4.004, 4.019, 4.049, 65.244, 0, 2, 2.602, 4.393, -13.073, -13.071, 32.856, 4.153, 25.150, 0, 0, 99, 4, 5, 0x50, 8795, 1
271, 06/25/2014 05:45:14 PM, 4.156, 4.181, 4.167, 4.217, 4.072, 4.007, 4.027, 4.052, 65.243, 0, 2, 2.602, 4.393, -13.071, -13.069, 32.879, 4.152, 25.150, 0, 0, 99, 4, 5, 0x50, 8796, 1
272, 06/25/2014 05:45:15 PM, 4.155, 4.168, 4.167, 4.217, 4.072, 4.007, 4.027, 4.052, 65.243, 0, 2, 2.602, 4.393, -13.068, -13.066, 32.865, 4.153, 25.150, 0, 0, 99, 4, 5, 0x50, 8797, 1
273, 06/25/2014 05:45:16 PM, 4.156, 4.167, 4.166, 4.216, 4.074, 4.009, 4.019, 4.051, 65.244, 0, 2, 2.602, 4.393, -13.066, -13.064, 32.858, 4.153, 25.150, 0, 0, 99, 4, 5, 0x50, 8798, 1
274, 06/25/2014 05:45:17 PM, 4.156, 4.170, 4.175, 4.216, 4.071, 4.006, 4.019, 4.051, 65.244, 0, 2, 2.602, 4.393, -13.065, -13.064, 32.864, 4.152, 25.150, 0, 0, 99, 4, 5, 0x50, 8799, 1
275, 06/25/2014 05:45:18 PM, 4.155, 4.168, 4.163, 4.215, 4.070, 4.005, 4.018, 4.050, 65.245, 0, 2, 2.602, 4.393, -13.062, -13.061, 32.844, 4.152, 25.150, 0, 0, 99, 4, 5, 0x50, 8800, 1
276, 06/25/2014 05:45:19 PM, 4.155, 4.169, 4.165, 4.215, 4.070, 4.012, 4.018, 4.047, 65.245, 0, 2, 2.602, 4.393, -13.061, -13.059, 32.851, 4.152, 25.150, 0, 0, 99, 4, 5, 0x50, 8801, 1
277, 06/25/2014 05:45:20 PM, 4.155, 4.169, 4.174, 4.215, 4.070, 4.003, 4.018, 4.047, 65.245, 0, 2, 2.602, 4.393, -13.060, -13.060, 32.851, 4.152, 25.250, 0, 0, 99, 4, 5, 0x50, 8802, 1
278, 06/25/2014 05:45:21 PM, 4.155, 4.166, 4.160, 4.208, 4.070, 4.003, 4.018, 4.048, 65.245, 0, 2, 2.602, 4.393, -13.056, -13.055, 32.828, 4.151, 25.250, 0, 0, 99, 4, 5, 0x50, 8803, 1
279, 06/25/2014 05:45:22 PM, 4.154, 4.169, 4.163, 4.213, 4.073, 4.006, 4.021, 4.051, 65.242, 0, 2, 2.602, 4.393, -13.054, -13.054, 32.85, 4.151, 25.250, 0, 0, 99, 4, 5, 0x50, 8804, 1
280, 06/25/2014 05:45:23 PM, 4.154, 4.169, 4.166, 4.214, 4.080, 4.006, 4.021, 4.050, 65.242, 0, 2, 2.602, 4.393, -13.052, -13.051, 32.86, 4.151, 25.250, 0, 0, 99, 4, 5, 0x50, 8805, 1
281, 06/25/2014 05:45:24 PM, 4.154, 4.165, 4.158, 4.207, 4.066, 3.999, 4.010, 4.044, 65.249, 0, 2, 2.602, 4.393, -13.048, -13.047, 32.803, 4.150, 25.250, 0, 0, 99, 4, 5, 0x50, 8806, 1
282, 06/25/2014 05:45:25 PM, 4.153, 4.168, 4.164, 4.213, 4.072, 4.005, 4.020, 4.056, 65.243, 0, 2, 2.602, 4.393, -13.043, -13.042, 32.851, 4.150, 25.250, 0, 0, 99, 4, 5, 0x50, 8807, 1
283, 06/25/2014 05:45:26 PM, 4.153, 4.166, 4.167, 4.208, 4.063, 3.996, 4.011, 4.043, 65.247, 0, 2, 2.602, 4.393, -13.041, -13.040, 32.807, 4.149, 25.250, 0, 0, 99, 4, 5, 0x50, 8808, 1
284, 06/25/2014 05:45:27 PM, 4.152, 4.167, 4.161, 4.209, 4.071, 4.001, 4.015, 4.046, 65.244, 0, 2, 2.602, 4.393, -13.041, -13.039, 32.822, 4.149, 25.250, 0, 0, 99, 4, 5, 0x50, 8808, 1
285, 06/25/2014 05:45:28 PM, 4.152, 4.168, 4.164, 4.212, 4.074, 4.005, 4.018, 4.054, 65.241, 0, 2, 2.602, 4.393, -13.040, -13.037, 32.847, 4.149, 25.250, 0, 0, 99, 4, 5, 0x50, 8809, 1
286, 06/25/2014 05:45:29 PM, 4.152, 4.167, 4.161, 4.216, 4.071, 4.001, 4.014, 4.046, 65.244, 0, 2, 2.602, 4.393, -13.039, -13.037, 32.828, 4.149, 25.350, 0, 0, 99, 4, 5, 0x50, 8810, 1
287, 06/25/2014 05:45:30 PM, 4.152, 4.172, 4.161, 4.209, 4.071, 4.001, 4.014, 4.046, 65.244, 0, 2, 2.602, 4.393, -13.038, -13.035, 32.826, 4.149, 25.350, 0, 0, 99, 4, 5, 0x50, 8811, 1
288, 06/25/2014 05:45:31 PM, 4.152, 4.167, 4.168, 4.209, 4.071, 4.001, 4.014, 4.046, 65.244, 0, 2, 2.602, 4.393, -13.034, -13.034, 32.828, 4.148, 25.350, 0, 0, 99, 4, 5, 0x50, 8812, 1
289, 06/25/2014 05:45:32 PM, 4.151, 4.166, 4.167, 4.208, 4.070, 4.001, 4.011, 4.045, 65.245, 0, 2, 2.602, 4.393, -13.029, -13.029, 32.819, 4.148, 25.350, 0, 0, 99, 4, 5, 0x50, 8813, 1
290, 06/25/2014 05:45:33 PM, 4.151, 4.162, 4.156, 4.204, 4.066, 3.996, 4.009, 4.041, 65.249, 0, 2, 2.602, 4.393, -13.030, -13.025, 32.785, 4.147, 25.350, 0, 0, 99, 4, 5, 0x50, 8814, 1
291, 06/25/2014 05:45:34 PM, 4.150, 4.166, 4.162, 4.210, 4.072, 4.002, 4.016, 4.047, 65.243, 0, 2, 2.602, 4.393, -13.027, -13.027, 32.825, 4.147, 25.350, 0, 0, 99, 4, 5, 0x50, 8815, 1
292, 06/25/2014 05:45:35 PM, 4.150, 4.164, 4.162, 4.210, 4.072, 4.005, 4.016, 4.050, 65.243, 0, 2, 2.602, 4.393, -13.024, -13.024, 32.829, 4.147, 25.350, 0, 0, 99, 4, 5, 0x50, 8816, 1
293, 06/25/2014 05:45:36 PM, 4.150, 4.166, 4.162, 4.210, 4.072, 4.007, 4.020, 4.047, 65.243, 0, 2, 2.602, 4.393, -13.022, -13.018, 32.834, 4.147, 25.350, 0, 0, 99, 4, 5, 0x50, 8817, 1
294, 06/25/2014 05:45:37 PM, 4.150, 4.165, 4.161, 4.207, 4.062, 3.997, 4.008, 4.042, 65.246, 0, 2, 2.602, 4.393, -13.020, -13.019, 32.792, 4.146, 25.350, 0, 0, 99, 4, 5, 0x50, 8818, 1
295, 06/25/2014 05:45:38 PM, 4.149, 4.163, 4.161, 4.205, 4.064, 3.999, 4.010, 4.046, 65.244, 0, 2, 2.602, 4.393, -13.020, -13.018, 32.797, 4.146, 25.450, 0, 0, 99, 4, 5, 0x50, 8819, 1
296, 06/25/2014 05:45:39 PM, 4.149, 4.163, 4.161, 4.207, 4.071, 3.999, 4.019, 4.046, 65.244, 0, 2, 2.602, 4.393, -13.018, -13.017, 32.815, 4.146, 25.450, 0, 0, 99, 4, 5, 0x50, 8820, 1
297, 06/25/2014 05:45:40 PM, 4.149, 4.165, 4.161, 4.216, 4.064, 3.999, 4.010, 4.044, 65.244, 0, 2, 2.602, 4.393, -13.016, -13.015, 32.808, 4.145, 25.450, 0, 0, 99, 4, 5, 0x50, 8822, 1
298, 06/25/2014 05:45:41 PM, 4.148, 4.162, 4.160, 4.206, 4.070, 3.998, 4.009, 4.043, 65.245, 0, 2, 2.602, 4.393, -13.015, -13.013, 32.796, 4.145, 25.450, 0, 0, 99, 4, 5, 0x50, 8823, 1
299, 06/25/2014 05:45:42 PM, 4.148, 4.159, 4.160, 4.204, 4.061, 3.998, 4.009, 4.045, 65.245, 0, 2, 2.602, 4.393, -13.016, -13.014, 32.784, 4.145, 25.450, 0, 0, 99, 4, 5, 0x50, 8824, 1
300, 06/25/2014 05:45:43 PM, 4.148, 4.162, 4.160, 4.204, 4.063, 4.000, 4.011, 4.047, 65.245, 0, 2, 2.602, 4.393, -13.015, -13.014, 32.795, 4.145, 25.450, 0, 0, 99, 4, 5, 0x50, 8825, 1
301, 06/25/2014 05:45:44 PM, 4.148, 4.162, 4.160, 4.208, 4.061, 3.998, 4.007, 4.043, 65.245, 0, 2, 2.602, 4.393, -13.014, -13.011, 32.787, 4.144, 25.450, 0, 0, 99, 4, 5, 0x50, 8826, 1
302, 06/25/2014 05:45:45 PM, 4.147, 4.165, 4.159, 4.210, 4.067, 4.004, 4.015, 4.053, 65.239, 0, 2, 2.602, 4.393, -13.011, -13.009, 32.82, 4.144, 25.450, 0, 0, 99, 4, 5, 0x50, 8827, 1
303, 06/25/2014 05:45:46 PM, 4.147, 4.165, 4.159, 4.209, 4.067, 4.004, 4.013, 4.049, 65.239, 0, 2, 2.602, 4.393, -13.009, -13.008, 32.813, 4.144, 25.450, 0, 0, 99, 4, 5, 0x50, 8828, 1
304, 06/25/2014 05:45:47 PM, 4.147, 4.163, 4.157, 4.207, 4.063, 4.002, 4.011, 4.045, 65.241, 0, 2, 2.602, 4.393, -13.006, -13.005, 32.795, 4.144, 25.550, 0, 0, 99, 4, 5, 0x50, 8829, 1
305, 06/25/2014 05:45:48 PM, 4.147, 4.165, 4.159, 4.207, 4.067, 4.004, 4.015, 4.047, 65.239, 0, 2, 2.602, 4.393, -13.005, -13.004, 32.811, 4.143, 25.550, 0, 0, 99, 4, 5, 0x50, 8829, 1
306, 06/25/2014 05:45:49 PM, 4.146, 4.164, 4.158, 4.208, 4.066, 4.003, 4.019, 4.046, 65.240, 0, 2, 2.602, 4.393, -13.003, -13.001, 32.81, 4.143, 25.550, 0, 0, 99, 4, 5, 0x50, 8830, 1
307, 06/25/2014 05:45:50 PM, 4.146, 4.162, 4.163, 4.211, 4.064, 4.001, 4.010, 4.044, 65.242, 0, 2, 2.602, 4.393, -13.000, -12.999, 32.801, 4.143, 25.550, 0, 0, 99, 0, 0, 0x50, 8831, 1
308, 06/25/2014 05:45:51 PM, 4.146, 4.171, 4.172, 4.153, 3.998, 4.034, 4.011, 4.046, 65.240, 0, 2, 2.602, 4.393, -12.988, -12.997, 32.731, 4.142, 25.550, 0, 0, 99, 0, 0, 0x50, 8832, 1
309, 06/25/2014 05:45:52 PM, 4.145, 4.163, 4.171, 4.159, 4.000, 4.033, 4.010, 4.042, 65.241, 0, 2, 2.602, 4.393, -12.973, -12.969, 32.723, 4.142, 25.550, 0, 0, 98, 0, 0, 0x50, 8833, 1
310, 06/25/2014 05:45:53 PM, 4.145, 4.163, 4.169, 4.154, 4.000, 4.033, 4.010, 4.045, 65.241, 0, 2, 2.602, 4.393, -12.971, -12.970, 32.719, 4.141, 25.550, 0, 0, 98, 0, 0, 0x50, 8834, 1
311, 06/25/2014 05:45:54 PM, 4.144, 4.162, 4.168, 4.148, 3.996, 4.032, 4.012, 4.044, 65.242, 0, 2, 2.602, 4.393, -12.969, -12.968, 32.706, 4.141, 25.550, 0, 0, 98, 1, 5, 0x50, 8835, 1
312, 06/25/2014 05:45:55 PM, 4.144, 4.144, 4.152, 4.134, 4.047, 3.983, 3.995, 4.030, 65.256, 0, 2, 2.602, 4.393, -12.977, -12.967, 32.629, 4.141, 25.550, 0, 0, 98, 1, 5, 0x50, 8836, 1
313, 06/25/2014 05:45:56 PM, 4.144, 4.141, 4.144, 4.127, 4.038, 3.973, 3.986, 4.020, 65.263, 0, 2, 2.602, 4.393, -12.988, -12.986, 32.573, 4.152, 25.650, 0, 0, 98, 1, 5, 0x50, 8837, 1
314, 06/25/2014 05:45:57 PM, 4.155, 4.159, 4.165, 4.150, 4.058, 3.991, 4.004, 4.038, 65.245, 0, 2, 2.602, 4.393, -12.987, -12.985, 32.72, 4.152, 25.650, 0, 0, 98, 1, 5, 0x50, 8838, 1
315, 06/25/2014 05:45:58 PM, 4.155, 4.159, 4.165, 4.145, 4.061, 4.000, 4.004, 4.038, 65.245, 0, 2, 2.602, 4.393, -12.985, -12.983, 32.727, 4.152, 25.650, 0, 0, 98, 1, 5, 0x50, 8839, 1
316, 06/25/2014 05:45:59 PM, 4.155, 4.155, 4.163, 4.145, 4.059, 3.994, 4.006, 4.041, 65.245, 0, 2, 2.602, 4.393, -12.985, -12.981, 32.718, 4.152, 25.650, 0, 0, 98, 1, 5, 0x50, 8840, 1
317, 06/25/2014 05:46:00 PM, 4.155, 4.155, 4.163, 4.145, 4.058, 3.991, 4.004, 4.038, 65.245, 0, 2, 2.602, 4.393, -12.981, -12.981, 32.709, 4.152, 25.650, 0, 0, 98, 1, 5, 0x50, 8841, 1
318, 06/25/2014 05:46:01 PM, 4.155, 4.159, 4.170, 4.145, 4.056, 3.991, 4.004, 4.038, 65.245, 0, 2, 2.602, 4.393, -12.979, -12.979, 32.718, 4.152, 25.650, 0, 0, 98, 1, 5, 0x50, 8842, 1
319, 06/25/2014 05:46:02 PM, 4.155, 4.152, 4.162, 4.145, 4.056, 3.991, 4.004, 4.038, 65.245, 0, 2, 2.602, 4.393, -12.977, -12.975, 32.703, 4.151, 25.650, 0, 0, 98, 1, 5, 0x50, 8843, 1
320, 06/25/2014 05:46:03 PM, 4.154, 4.163, 4.162, 4.144, 4.055, 3.990, 4.003, 4.033, 65.246, 0, 2, 2.602, 4.393, -12.979, -12.975, 32.704, 4.151, 25.650, 0, 0, 98, 1, 5, 0x50, 8844, 1
321, 06/25/2014 05:46:04 PM, 4.154, 4.154, 4.161, 4.144, 4.057, 3.993, 4.008, 4.037, 65.246, 0, 2, 2.602, 4.393, -12.977, -12.976, 32.708, 4.151, 25.750, 0, 0, 98, 1, 5, 0x50, 8845, 1
322, 06/25/2014 05:46:05 PM, 4.154, 4.158, 4.166, 4.144, 4.055, 3.990, 4.003, 4.037, 65.246, 0, 2, 2.602, 4.393, -12.976, -12.973, 32.707, 4.151, 25.750, 0, 0, 98, 1, 5, 0x50, 8846, 1
323, 06/25/2014 05:46:06 PM, 4.154, 4.153, 4.161, 4.146, 4.057, 3.992, 4.005, 4.039, 65.244, 0, 2, 2.602, 4.393, -12.975, -12.973, 32.707, 4.151, 25.750, 0, 0, 98, 1, 5, 0x50, 8847, 1
324, 06/25/2014 05:46:07 PM, 4.154, 4.146, 4.152, 4.130, 4.048, 3.979, 3.996, 4.026, 65.253, 0, 2, 2.602, 4.393, -12.974, -12.974, 32.631, 4.150, 25.750, 0, 0, 98, 1, 5, 0x50, 8848, 1
325, 06/25/2014 05:46:08 PM, 4.153, 4.153, 4.160, 4.143, 4.057, 3.985, 4.002, 4.031, 65.247, 0, 2, 2.602, 4.393, -12.971, -12.969, 32.684, 4.150, 25.750, 0, 0, 98, 1, 5, 0x50, 8849, 1
326, 06/25/2014 05:46:09 PM, 4.153, 4.150, 4.158, 4.143, 4.054, 3.989, 4.002, 4.036, 65.247, 0, 2, 2.602, 4.393, -12.972, -12.969, 32.685, 4.150, 25.750, 0, 0, 98, 1, 5, 0x50, 8850, 1
327, 06/25/2014 05:46:10 PM, 4.153, 4.150, 4.158, 4.143, 4.054, 3.989, 4.002, 4.036, 65.247, 0, 2, 2.602, 4.393, -12.970, -12.969, 32.685, 4.150, 25.750, 0, 0, 98, 1, 5, 0x50, 8851, 1
328, 06/25/2014 05:46:11 PM, 4.153, 4.150, 4.158, 4.143, 4.054, 3.989, 4.002, 4.036, 65.247, 0, 2, 2.602, 4.393, -12.966, -12.965, 32.685, 4.149, 25.750, 0, 0, 98, 1, 5, 0x50, 8852, 1
329, 06/25/2014 05:46:12 PM, 4.152, 4.144, 4.152, 4.130, 4.048, 3.979, 3.996, 4.025, 65.253, 0, 2, 2.602, 4.393, -12.966, -12.963, 32.626, 4.149, 25.750, 0, 0, 98, 1, 5, 0x50, 8853, 1
330, 06/25/2014 05:46:13 PM, 4.152, 4.156, 4.157, 4.135, 4.053, 3.984, 4.001, 4.031, 65.248, 0, 2, 2.602, 4.393, -12.963, -12.961, 32.669, 4.149, 25.750, 0, 0, 98, 1, 5, 0x50, 8854, 1
331, 06/25/2014 05:46:14 PM, 4.152, 4.149, 4.162, 4.142, 4.053, 3.983, 4.001, 4.030, 65.248, 0, 2, 2.602, 4.393, -12.962, -12.960, 32.672, 4.149, 25.750, 0, 0, 98, 1, 5, 0x50, 8855, 1
332, 06/25/2014 05:46:15 PM, 4.152, 4.156, 4.157, 4.135, 4.053, 3.981, 4.001, 4.030, 65.248, 0, 2, 2.602, 4.393, -12.959, -12.957, 32.665, 4.148, 25.750, 0, 0, 98, 1, 5, 0x50, 8856, 1
333, 06/25/2014 05:46:16 PM, 4.151, 4.155, 4.156, 4.130, 4.052, 3.980, 4.000, 4.029, 65.249, 0, 2, 2.602, 4.393, -12.957, -12.956, 32.653, 4.148, 25.750, 0, 0, 98, 1, 5, 0x50, 8857, 1
334, 06/25/2014 05:46:17 PM, 4.151, 4.148, 4.158, 4.134, 4.052, 3.982, 4.000, 4.027, 65.249, 0, 2, 2.602, 4.393, -12.957, -12.954, 32.652, 4.148, 25.850, 0, 0, 98, 1, 5, 0x50, 8858, 1
335, 06/25/2014 05:46:18 PM, 4.151, 4.155, 4.156, 4.129, 4.052, 3.980, 3.996, 4.027, 65.249, 0, 2, 2.602, 4.393, -12.954, -12.952, 32.646, 4.148, 25.850, 0, 0, 98, 1, 5, 0x50, 8859, 1
336, 06/25/2014 05:46:19 PM, 4.151, 4.153, 4.158, 4.132, 4.054, 3.982, 4.002, 4.029, 65.247, 0, 2, 2.602, 4.393, -12.952, -12.950, 32.661, 4.147, 25.850, 0, 0, 98, 1, 5, 0x50, 8860, 1
337, 06/25/2014 05:46:20 PM, 4.150, 4.154, 4.155, 4.128, 4.051, 3.979, 3.995, 4.026, 65.250, 0, 2, 2.602, 4.393, -12.950, -12.947, 32.638, 4.147, 25.950, 0, 0, 98, 1, 5, 0x50, 8861, 1
338, 06/25/2014 05:46:21 PM, 4.150, 4.147, 4.155, 4.126, 4.051, 3.979, 3.995, 4.026, 65.250, 0, 2, 2.602, 4.393, -12.947, -12.946, 32.629, 4.147, 25.950, 0, 0, 98, 1, 5, 0x50, 8862, 1
339, 06/25/2014 05:46:22 PM, 4.150, 4.151, 4.159, 4.130, 4.051, 3.983, 3.999, 4.030, 65.246, 0, 2, 2.602, 4.393, -12.946, -12.944, 32.653, 4.147, 25.950, 0, 0, 98, 1, 5, 0x50, 8863, 1
340, 06/25/2014 05:46:23 PM, 4.150, 4.151, 4.159, 4.144, 4.055, 3.983, 3.999, 4.030, 65.246, 0, 2, 2.602, 4.393, -12.946, -12.944, 32.671, 4.147, 25.950, 0, 0, 98, 1, 5, 0x50, 8864, 1
341, 06/25/2014 05:46:24 PM, 4.150, 4.151, 4.159, 4.133, 4.055, 3.990, 3.996, 4.030, 65.246, 0, 2, 2.602, 4.393, -12.944, -12.943, 32.664, 4.146, 25.950, 0, 0, 98, 1, 5, 0x50, 8865, 1
342, 06/25/2014 05:46:25 PM, 4.149, 4.146, 4.158, 4.131, 4.054, 3.985, 3.995, 4.029, 65.247, 0, 2, 2.602, 4.393, -12.943, -12.942, 32.647, 4.146, 25.950, 0, 0, 98, 1, 5, 0x50, 8866, 1
343, 06/25/2014 05:46:26 PM, 4.149, 4.150, 4.160, 4.129, 4.050, 3.982, 3.995, 4.029, 65.247, 0, 2, 2.602, 4.393, -12.939, -12.937, 32.644, 4.146, 25.950, 0, 0, 98, 1, 5, 0x50, 8867, 1
344, 06/25/2014 05:46:27 PM, 4.149, 4.150, 4.158, 4.143, 4.054, 3.982, 3.995, 4.029, 65.247, 0, 2, 2.602, 4.393, -12.939, -12.935, 32.66, 4.146, 25.950, 0, 0, 98, 1, 5, 0x50, 8868, 1
345, 06/25/2014 05:46:28 PM, 4.149, 4.149, 4.161, 4.132, 4.057, 3.992, 4.001, 4.032, 65.244, 0, 2, 2.602, 4.393, -12.939, -12.936, 32.673, 4.145, 25.950, 0, 0, 97, 1, 5, 0x50, 8869, 1
346, 06/25/2014 05:46:29 PM, 4.148, 4.152, 4.160, 4.131, 4.056, 3.984, 3.997, 4.031, 65.245, 0, 2, 2.602, 4.393, -12.935, -12.934, 32.659, 4.145, 25.950, 0, 0, 97, 1, 5, 0x50, 8870, 1
347, 06/25/2014 05:46:30 PM, 4.148, 4.145, 4.146, 4.124, 4.045, 3.977, 3.990, 4.024, 65.252, 0, 2, 2.602, 4.393, -12.932, -12.931, 32.599, 4.145, 26.050, 0, 0, 97, 1, 5, 0x50, 8871, 1
348, 06/25/2014 05:46:31 PM, 4.148, 4.151, 4.157, 4.128, 4.049, 3.981, 3.994, 4.028, 65.248, 0, 2, 2.602, 4.393, -12.932, -12.930, 32.636, 4.145, 26.050, 0, 0, 97, 1, 5, 0x50, 8872, 1
349, 06/25/2014 05:46:32 PM, 4.148, 4.143, 4.153, 4.131, 4.052, 3.984, 3.997, 4.033, 65.245, 0, 2, 2.602, 4.393, -12.933, -12.931, 32.641, 4.144, 25.950, 0, 0, 97, 1, 5, 0x50, 8873, 1
350, 06/25/2014 05:46:33 PM, 4.147, 4.147, 4.159, 4.130, 4.048, 3.983, 3.992, 4.026, 65.246, 0, 2, 2.602, 4.393, -12.932, -12.931, 32.632, 4.144, 25.950, 0, 0, 97, 1, 5, 0x50, 8874, 1
351, 06/25/2014 05:46:34 PM, 4.147, 4.144, 4.152, 4.130, 4.051, 3.983, 3.996, 4.030, 65.246, 0, 2, 2.602, 4.393, -12.932, -12.929, 32.633, 4.144, 25.950, 0, 0, 97, 1, 5, 0x50, 8875, 1
352, 06/25/2014 05:46:35 PM, 4.147, 4.146, 4.159, 4.130, 4.051, 3.983, 3.992, 4.030, 65.246, 0, 2, 2.602, 4.393, -12.931, -12.929, 32.638, 4.144, 25.950, 0, 0, 97, 1, 5, 0x50, 8876, 1
353, 06/25/2014 05:46:36 PM, 4.147, 4.146, 4.156, 4.134, 4.055, 3.987, 4.000, 4.034, 65.242, 0, 2, 2.602, 4.393, -12.928, -12.927, 32.659, 4.143, 26.050, 0, 0, 97, 1, 5, 0x50, 8877, 1
354, 06/25/2014 05:46:37 PM, 4.146, 4.141, 4.151, 4.122, 4.047, 3.977, 3.991, 4.025, 65.247, 0, 2, 2.602, 4.393, -12.926, -12.923, 32.6, 4.143, 26.050, 0, 0, 97, 1, 5, 0x50, 8878, 1
355, 06/25/2014 05:46:38 PM, 4.146, 4.143, 4.158, 4.129, 4.047, 3.975, 3.988, 4.022, 65.247, 0, 2, 2.602, 4.393, -12.924, -12.922, 32.608, 4.143, 26.050, 0, 0, 97, 1, 5, 0x50, 8879, 1
356, 06/25/2014 05:46:39 PM, 4.146, 4.143, 4.151, 4.129, 4.050, 3.982, 3.988, 4.022, 65.247, 0, 2, 2.602, 4.393, -12.921, -12.920, 32.611, 4.143, 26.050, 0, 0, 97, 1, 5, 0x50, 8880, 1
357, 06/25/2014 05:46:40 PM, 4.146, 4.141, 4.151, 4.129, 4.047, 3.982, 3.995, 4.029, 65.247, 0, 2, 2.602, 4.393, -12.920, -12.917, 32.62, 4.142, 26.050, 0, 0, 97, 1, 5, 0x50, 8881, 1
358, 06/25/2014 05:46:41 PM, 4.145, 4.149, 4.150, 4.123, 4.046, 3.974, 3.989, 4.021, 65.248, 0, 2, 2.602, 4.393, -12.920, -12.916, 32.597, 4.142, 26.050, 0, 0, 97, 1, 5, 0x50, 8882, 1
359, 06/25/2014 05:46:42 PM, 4.145, 4.144, 4.154, 4.132, 4.050, 3.985, 3.993, 4.027, 65.244, 0, 2, 2.602, 4.393, -12.919, -12.917, 32.63, 4.142, 26.050, 0, 0, 97, 1, 5, 0x50, 8883, 1
360, 06/25/2014 05:46:42 PM, 4.145, 4.133, 4.138, 4.114, 4.039, 3.967, 3.980, 4.014, 65.255, 0, 2, 2.602, 4.393, -12.917, -12.915, 32.53, 4.142, 26.050, 0, 0, 97, 1, 5, 0x50, 8884, 1
361, 06/25/2014 05:46:43 PM, 4.145, 4.144, 4.154, 4.132, 4.050, 3.985, 3.991, 4.023, 65.244, 0, 2, 2.602, 4.393, -12.916, -12.915, 32.624, 4.141, 26.050, 0, 0, 97, 1, 5, 0x50, 8885, 1
362, 06/25/2014 05:46:44 PM, 4.144, 4.141, 4.153, 4.126, 4.049, 3.984, 4.000, 4.027, 65.245, 0, 2, 2.602, 4.393, -12.913, -12.912, 32.624, 4.141, 26.050, 0, 0, 97, 1, 5, 0x50, 8886, 1
363, 06/25/2014 05:46:45 PM, 4.144, 4.142, 4.150, 4.125, 4.050, 3.985, 3.994, 4.025, 65.244, 0, 2, 2.602, 4.393, -12.914, -12.910, 32.615, 4.141, 26.050, 0, 0, 97, 1, 5, 0x50, 8887, 1
364, 06/25/2014 05:46:46 PM, 4.144, 4.141, 4.149, 4.124, 4.049, 3.979, 3.992, 4.027, 65.245, 0, 2, 2.602, 4.393, -12.911, -12.909, 32.605, 4.141, 26.150, 0, 0, 97, 1, 5, 0x50, 8888, 1
365, 06/25/2014 05:46:47 PM, 4.144, 4.143, 4.153, 4.131, 4.049, 3.975, 3.990, 4.024, 65.245, 0, 2, 2.602, 4.393, -12.912, -12.909, 32.609, 4.140, 26.150, 0, 0, 97, 1, 5, 0x50, 8889, 1
366, 06/25/2014 05:46:48 PM, 4.143, 4.143, 4.151, 4.124, 4.051, 3.986, 3.999, 4.026, 65.243, 0, 2, 2.602, 4.393, -12.909, -12.908, 32.623, 4.140, 26.150, 0, 0, 97, 1, 5, 0x50, 8890, 1
367, 06/25/2014 05:46:49 PM, 4.143, 4.133, 4.141, 4.115, 4.040, 3.968, 3.985, 4.017, 65.250, 0, 2, 2.602, 4.393, -12.908, -12.907, 32.542, 4.140, 26.150, 0, 0, 97, 1, 5, 0x50, 8891, 1
368, 06/25/2014 05:46:50 PM, 4.143, 4.140, 4.152, 4.130, 4.048, 3.972, 3.989, 4.021, 65.246, 0, 2, 2.602, 4.393, -12.906, -12.905, 32.595, 4.140, 26.150, 0, 0, 97, 1, 5, 0x50, 8892, 1
369, 06/25/2014 05:46:51 PM, 4.143, 4.141, 4.149, 4.131, 4.045, 3.973, 3.990, 4.022, 65.245, 0, 2, 2.602, 4.393, -12.903, -12.902, 32.594, 4.139, 26.150, 0, 0, 97, 1, 5, 0x50, 8893, 1
370, 06/25/2014 05:46:52 PM, 4.142, 4.142, 4.150, 4.132, 4.046, 3.974, 3.991, 4.021, 65.244, 0, 2, 2.602, 4.393, -12.902, -12.899, 32.598, 4.139, 26.150, 0, 0, 97, 1, 5, 0x50, 8894, 1
371, 06/25/2014 05:46:53 PM, 4.142, 4.142, 4.149, 4.123, 4.053, 3.974, 3.991, 4.021, 65.244, 0, 2, 2.602, 4.393, -12.902, -12.899, 32.595, 4.139, 26.150, 0, 0, 97, 1, 5, 0x50, 8895, 1
372, 06/25/2014 05:46:54 PM, 4.142, 4.142, 4.147, 4.127, 4.043, 3.971, 3.991, 4.021, 65.244, 0, 2, 2.602, 4.393, -12.900, -12.899, 32.584, 4.139, 26.150, 0, 0, 97, 1, 5, 0x50, 8896, 1
373, 06/25/2014 05:46:55 PM, 4.142, 4.142, 4.147, 4.120, 4.043, 3.973, 3.991, 4.023, 65.244, 0, 2, 2.602, 4.393, -12.898, -12.896, 32.581, 4.139, 26.150, 0, 0, 97, 1, 5, 0x50, 8897, 1
374, 06/25/2014 05:46:56 PM, 4.142, 4.139, 4.147, 4.118, 4.043, 3.973, 3.991, 4.023, 65.244, 0, 2, 2.602, 4.393, -12.896, -12.895, 32.576, 4.139, 26.150, 0, 0, 97, 1, 5, 0x50, 8898, 1
375, 06/25/2014 05:46:57 PM, 4.141, 4.138, 4.146, 4.117, 4.042, 3.973, 3.990, 4.022, 65.245, 0, 2, 2.602, 4.393, -12.895, -12.893, 32.569, 4.138, 26.150, 0, 0, 97, 1, 5, 0x50, 8899, 1
376, 06/25/2014 05:46:58 PM, 4.141, 4.138, 4.146, 4.117, 4.042, 3.972, 3.990, 4.022, 65.245, 0, 2, 2.602, 4.393, -12.895, -12.893, 32.568, 4.138, 26.250, 0, 0, 97, 1, 5, 0x50, 8900, 1
377, 06/25/2014 05:46:59 PM, 4.141, 4.142, 4.150, 4.121, 4.046, 3.976, 3.994, 4.026, 65.241, 0, 2, 2.602, 4.393, -12.895, -12.892, 32.596, 4.138, 26.250, 0, 0, 97, 1, 5, 0x50, 8901, 1
378, 06/25/2014 05:47:00 PM, 4.141, 4.131, 4.139, 4.110, 4.035, 3.963, 3.983, 4.012, 65.252, 0, 2, 2.602, 4.393, -12.892, -12.891, 32.514, 4.138, 26.250, 0, 0, 97, 1, 5, 0x50, 8902, 1
379, 06/25/2014 05:47:01 PM, 4.140, 4.144, 4.145, 4.116, 4.041, 3.969, 3.984, 4.018, 65.246, 0, 2, 2.602, 4.393, -12.893, -12.890, 32.557, 4.137, 26.250, 0, 0, 97, 1, 5, 0x50, 8903, 1
380, 06/25/2014 05:47:02 PM, 4.140, 4.139, 4.145, 4.116, 4.041, 3.969, 3.989, 4.018, 65.246, 0, 2, 2.602, 4.393, -12.892, -12.890, 32.557, 4.137, 26.250, 0, 0, 97, 1, 5, 0x50, 8904, 1
381, 06/25/2014 05:47:03 PM, 4.140, 4.141, 4.149, 4.120, 4.045, 3.975, 3.993, 4.023, 65.242, 0, 2, 2.602, 4.393, -12.890, -12.888, 32.586, 4.137, 26.250, 0, 0, 97, 1, 5, 0x50, 8905, 1
382, 06/25/2014 05:47:04 PM, 4.140, 4.141, 4.149, 4.122, 4.045, 3.976, 3.996, 4.023, 65.242, 0, 2, 2.602, 4.393, -12.888, -12.886, 32.592, 4.137, 26.250, 0, 0, 97, 1, 5, 0x50, 8906, 1
383, 06/25/2014 05:47:05 PM, 4.140, 4.141, 4.149, 4.122, 4.045, 3.976, 3.992, 4.021, 65.243, 0, 2, 2.602, 4.393, -12.885, -12.883, 32.586, 4.136, 26.350, 0, 0, 97, 1, 5, 0x50, 8907, 1
384, 06/25/2014 05:47:06 PM, 4.139, 4.140, 4.148, 4.119, 4.044, 3.974, 3.992, 4.021, 65.243, 0, 2, 2.602, 4.393, -12.886, -12.883, 32.577, 4.136, 26.350, 0, 0, 97, 1, 5, 0x50, 8908, 1
385, 06/25/2014 05:47:07 PM, 4.139, 4.129, 4.130, 4.108, 4.033, 3.961, 3.981, 4.010, 65.254, 0, 2, 2.602, 4.393, -12.886, -12.884, 32.491, 4.136, 26.350, 0, 0, 97, 1, 5, 0x50, 8909, 1
386, 06/25/2014 05:47:08 PM, 4.139, 4.141, 4.139, 4.115, 4.036, 3.968, 3.983, 4.015, 65.247, 0, 2, 2.602, 4.393, -12.884, -12.883, 32.536, 4.135, 26.350, 0, 0, 96, 1, 5, 0x50, 8910, 1
387, 06/25/2014 05:47:09 PM, 4.138, 4.135, 4.143, 4.114, 4.039, 3.967, 3.978, 4.014, 65.248, 0, 2, 2.602, 4.393, -12.883, -12.881, 32.528, 4.135, 26.350, 0, 0, 96, 1, 5, 0x50, 8911, 1
388, 06/25/2014 05:47:10 PM, 4.138, 4.135, 4.143, 4.117, 4.039, 3.967, 3.978, 4.014, 65.248, 0, 2, 2.602, 4.393, -12.881, -12.879, 32.531, 4.135, 26.350, 0, 0, 96, 1, 5, 0x50, 8912, 1
389, 06/25/2014 05:47:11 PM, 4.138, 4.142, 4.150, 4.121, 4.046, 3.976, 3.994, 4.024, 65.241, 0, 2, 2.602, 4.393, -12.880, -12.877, 32.591, 4.135, 26.350, 0, 0, 96, 1, 5, 0x50, 8913, 1
390, 06/25/2014 05:47:12 PM, 4.137, 4.141, 4.142, 4.120, 4.045, 3.973, 3.986, 4.020, 65.242, 0, 2, 2.602, 4.393, -12.882, -12.879, 32.564, 4.134, 26.350, 0, 0, 96, 1, 5, 0x50, 8914, 1
391, 06/25/2014 05:47:13 PM, 4.137, 4.138, 4.146, 4.122, 4.042, 3.970, 3.981, 4.017, 65.245, 0, 2, 2.602, 4.393, -12.880, -12.878, 32.553, 4.134, 26.350, 0, 0, 96, 1, 5, 0x50, 8915, 1
392, 06/25/2014 05:47:14 PM, 4.137, 4.139, 4.140, 4.118, 4.043, 3.971, 3.984, 4.021, 65.244, 0, 2, 2.602, 4.393, -12.878, -12.876, 32.553, 4.134, 26.450, 0, 0, 96, 1, 5, 0x50, 8916, 1
393, 06/25/2014 05:47:15 PM, 4.136, 4.137, 4.145, 4.116, 4.041, 3.969, 3.980, 4.016, 65.246, 0, 2, 2.602, 4.393, -12.877, -12.875, 32.54, 4.133, 26.450, 0, 0, 96, 1, 5, 0x50, 8917, 1
394, 06/25/2014 05:47:16 PM, 4.136, 4.135, 4.141, 4.117, 4.042, 3.974, 3.985, 4.021, 65.241, 0, 2, 2.602, 4.393, -12.876, -12.874, 32.551, 4.133, 26.450, 0, 0, 96, 1, 5, 0x50, 8918, 1
395, 06/25/2014 05:47:17 PM, 4.136, 4.140, 4.141, 4.119, 4.044, 3.977, 3.983, 4.019, 65.243, 0, 2, 2.602, 4.393, -12.876, -12.873, 32.559, 4.133, 26.450, 0, 0, 96, 1, 5, 0x50, 8919, 1
396, 06/25/2014 05:47:18 PM, 4.136, 4.142, 4.141, 4.117, 4.046, 3.974, 3.987, 4.021, 65.241, 0, 2, 2.602, 4.393, -12.874, -12.873, 32.564, 4.133, 26.450, 0, 0, 96, 1, 5, 0x50, 8920, 1
397, 06/25/2014 05:47:19 PM, 4.136, 4.142, 4.143, 4.121, 4.046, 3.977, 3.985, 4.021, 65.241, 0, 2, 2.602, 4.393, -12.871, -12.870, 32.571, 4.133, 26.450, 0, 0, 96, 1, 5, 0x50, 8921, 1
398, 06/25/2014 05:47:20 PM, 4.135, 4.136, 4.144, 4.115, 4.036, 3.964, 3.977, 4.015, 65.247, 0, 2, 2.602, 4.393, -12.871, -12.869, 32.522, 4.132, 26.450, 0, 0, 96, 1, 5, 0x50, 8922, 1
399, 06/25/2014 05:47:21 PM, 4.135, 4.132, 4.131, 4.107, 4.036, 3.964, 3.975, 4.011, 65.251, 0, 2, 2.602, 4.393, -12.868, -12.866, 32.491, 4.132, 26.450, 0, 0, 96, 1, 5, 0x50, 8923, 1
400, 06/25/2014 05:47:22 PM, 4.135, 4.134, 4.138, 4.116, 4.040, 3.969, 3.982, 4.020, 65.242, 0, 2, 2.602, 4.393, -12.870, -12.868, 32.534, 4.132, 26.450, 0, 0, 96, 1, 5, 0x50, 8924, 1
401, 06/25/2014 05:47:23 PM, 4.134, 4.133, 4.139, 4.115, 4.040, 3.972, 3.983, 4.022, 65.243, 0, 2, 2.602, 4.393, -12.869, -12.867, 32.538, 4.131, 26.550, 0, 0, 96, 1, 5, 0x50, 8925, 1
402, 06/25/2014 05:47:24 PM, 4.134, 4.140, 4.148, 4.115, 4.037, 3.968, 3.981, 4.019, 65.243, 0, 2, 2.602, 4.393, -12.869, -12.867, 32.542, 4.131, 26.550, 0, 0, 96, 1, 5, 0x50, 8926, 1
403, 06/25/2014 05:47:25 PM, 4.134, 4.140, 4.148, 4.115, 4.037, 3.968, 3.981, 4.019, 65.243, 0, 2, 2.602, 4.393, -12.866, -12.865, 32.542, 4.131, 26.550, 0, 0, 96, 0, 0, 0x50, 8927, 1
404, 06/25/2014 05:47:26 PM, 4.134, 4.152, 4.151, 4.124, 3.979, 4.015, 3.993, 4.031, 65.231, 0, 2, 2.602, 4.393, -12.857, -12.861, 32.579, 4.131, 26.550, 0, 0, 96, 0, 0, 0x50, 8928, 1
405, 06/25/2014 05:47:27 PM, 4.134, 4.157, 4.156, 4.136, 3.984, 4.020, 3.998, 4.036, 65.226, 0, 2, 2.602, 4.393, -12.843, -12.840, 32.621, 4.119, 26.550, 0, 0, 96, 0, 0, 0x50, 8929, 1
406, 06/25/2014 05:47:28 PM, 4.122, 4.137, 4.143, 4.123, 3.974, 4.006, 3.984, 4.019, 65.239, 0, 2, 2.602, 4.393, -12.841, -12.838, 32.508, 4.118, 26.550, 0, 0, 96, 0, 0, 0x50, 8930, 1
407, 06/25/2014 05:47:29 PM, 4.121, 4.137, 4.145, 4.116, 3.971, 4.007, 3.984, 4.019, 65.239, 0, 2, 2.602, 4.393, -12.839, -12.837, 32.5, 4.117, 26.550, 0, 0, 96, 4, 5, 0x50, 8931, 1
408, 06/25/2014 05:47:30 PM, 4.120, 4.133, 4.125, 4.182, 4.040, 3.970, 3.985, 4.020, 65.238, 0, 2, 2.602, 4.393, -12.847, -12.836, 32.575, 4.117, 26.550, 0, 0, 96, 4, 5, 0x50, 8932, 1
409, 06/25/2014 05:47:31 PM, 4.120, 4.136, 4.126, 4.183, 4.038, 3.968, 3.981, 4.015, 65.240, 0, 2, 2.602, 4.393, -12.866, -12.863, 32.567, 4.116, 26.550, 0, 0, 96, 4, 5, 0x50, 8933, 1
410, 06/25/2014 05:47:32 PM, 4.119, 4.137, 4.127, 4.181, 4.044, 3.976, 3.984, 4.016, 65.239, 0, 2, 2.602, 4.393, -12.863, -12.862, 32.584, 4.116, 26.550, 0, 0, 96, 4, 5, 0x50, 8934, 1
411, 06/25/2014 05:47:33 PM, 4.119, 4.137, 4.126, 4.182, 4.044, 3.976, 3.982, 4.016, 65.239, 0, 2, 2.602, 4.393, -12.860, -12.859, 32.582, 4.116, 26.550, 0, 0, 96, 4, 5, 0x50, 8935, 1
412, 06/25/2014 05:47:34 PM, 4.119, 4.137, 4.126, 4.182, 4.041, 3.976, 3.984, 4.016, 65.239, 0, 2, 2.602, 4.393, -12.859, -12.858, 32.581, 4.115, 26.650, 0, 0, 96, 4, 5, 0x50, 8936, 1
413, 06/25/2014 05:47:35 PM, 4.118, 4.136, 4.125, 4.181, 4.047, 3.971, 3.981, 4.015, 65.240, 0, 2, 2.602, 4.393, -12.857, -12.856, 32.574, 4.115, 26.650, 0, 0, 96, 4, 5, 0x50, 8937, 1
414, 06/25/2014 05:47:36 PM, 4.118, 4.131, 4.123, 4.180, 4.040, 3.971, 3.988, 4.018, 65.240, 0, 2, 2.602, 4.393, -12.857, -12.856, 32.569, 4.114, 26.650, 0, 0, 96, 4, 5, 0x50, 8938, 1
415, 06/25/2014 05:47:37 PM, 4.117, 4.130, 4.122, 4.177, 4.037, 3.967, 3.982, 4.017, 65.241, 0, 2, 2.602, 4.393, -12.857, -12.854, 32.549, 4.114, 26.650, 0, 0, 96, 4, 5, 0x50, 8938, 1
416, 06/25/2014 05:47:38 PM, 4.117, 4.128, 4.122, 4.179, 4.046, 3.970, 3.980, 4.014, 65.241, 0, 2, 2.602, 4.393, -12.856, -12.854, 32.556, 4.114, 26.650, 0, 0, 96, 4, 5, 0x50, 8939, 1
417, 06/25/2014 05:47:39 PM, 4.117, 4.142, 4.122, 4.177, 4.035, 3.963, 3.980, 4.014, 65.241, 0, 2, 2.602, 4.393, -12.857, -12.855, 32.55, 4.114, 26.650, 0, 0, 96, 4, 5, 0x50, 8940, 1
418, 06/25/2014 05:47:40 PM, 4.117, 4.128, 4.122, 4.177, 4.037, 3.967, 3.980, 4.014, 65.241, 0, 2, 2.602, 4.393, -12.855, -12.853, 32.542, 4.113, 26.650, 0, 0, 96, 4, 5, 0x50, 8941, 1
419, 06/25/2014 05:47:41 PM, 4.116, 4.134, 4.128, 4.183, 4.043, 3.973, 3.986, 4.027, 65.235, 0, 2, 2.602, 4.393, -12.855, -12.852, 32.59, 4.113, 26.650, 0, 0, 96, 4, 5, 0x50, 8942, 1
420, 06/25/2014 05:47:42 PM, 4.116, 4.129, 4.121, 4.176, 4.045, 3.966, 3.979, 4.013, 65.242, 0, 2, 2.602, 4.393, -12.854, -12.851, 32.545, 4.112, 26.650, 0, 0, 96, 4, 5, 0x50, 8943, 1
421, 06/25/2014 05:47:43 PM, 4.115, 4.140, 4.120, 4.175, 4.035, 3.965, 3.978, 4.012, 65.243, 0, 2, 2.602, 4.393, -12.852, -12.851, 32.54, 4.112, 26.650, 0, 0, 96, 4, 5, 0x50, 8944, 1
422, 06/25/2014 05:47:44 PM, 4.115, 4.133, 4.123, 4.182, 4.040, 3.968, 3.985, 4.019, 65.236, 0, 2, 2.602, 4.393, -12.851, -12.849, 32.565, 4.112, 26.750, 0, 0, 95, 4, 5, 0x50, 8945, 1
423, 06/25/2014 05:47:45 PM, 4.115, 4.130, 4.124, 4.179, 4.039, 3.969, 3.982, 4.016, 65.239, 0, 2, 2.602, 4.393, -12.851, -12.849, 32.554, 4.111, 26.650, 0, 0, 95, 4, 5, 0x50, 8946, 1
424, 06/25/2014 05:47:46 PM, 4.114, 4.132, 4.126, 4.181, 4.041, 3.971, 3.984, 4.025, 65.237, 0, 2, 2.602, 4.393, -12.849, -12.847, 32.574, 4.111, 26.750, 0, 0, 95, 4, 5, 0x50, 8947, 1
425, 06/25/2014 05:47:47 PM, 4.114, 4.132, 4.126, 4.181, 4.041, 3.971, 3.987, 4.014, 65.237, 0, 2, 2.602, 4.393, -12.848, -12.846, 32.566, 4.111, 26.750, 0, 0, 95, 4, 5, 0x50, 8948, 1
426, 06/25/2014 05:47:48 PM, 4.114, 4.134, 4.124, 4.183, 4.041, 3.973, 3.989, 4.020, 65.235, 0, 2, 2.602, 4.393, -12.848, -12.846, 32.578, 4.111, 26.750, 0, 0, 95, 4, 5, 0x50, 8949, 1
427, 06/25/2014 05:47:49 PM, 4.114, 4.132, 4.126, 4.181, 4.039, 3.971, 3.987, 4.014, 65.237, 0, 2, 2.602, 4.393, -12.846, -12.844, 32.564, 4.110, 26.750, 0, 0, 95, 4, 5, 0x50, 8950, 1
428, 06/25/2014 05:47:50 PM, 4.113, 4.133, 4.120, 4.182, 4.040, 3.968, 3.985, 4.019, 65.236, 0, 2, 2.602, 4.393, -12.847, -12.843, 32.56, 4.110, 26.750, 0, 0, 95, 4, 5, 0x50, 8951, 1
429, 06/25/2014 05:47:51 PM, 4.113, 4.124, 4.114, 4.173, 4.030, 3.963, 3.974, 4.010, 65.245, 0, 2, 2.602, 4.393, -12.846, -12.844, 32.501, 4.109, 26.750, 0, 0, 95, 4, 5, 0x50, 8952, 1
430, 06/25/2014 05:47:52 PM, 4.112, 4.130, 4.124, 4.179, 4.034, 3.962, 3.978, 4.009, 65.239, 0, 2, 2.602, 4.393, -12.847, -12.845, 32.528, 4.109, 26.750, 0, 0, 95, 4, 5, 0x50, 8953, 1
431, 06/25/2014 05:47:53 PM, 4.112, 4.123, 4.110, 4.172, 4.027, 3.955, 3.973, 4.009, 65.246, 0, 2, 2.602, 4.393, -12.842, -12.842, 32.481, 4.109, 26.750, 0, 0, 95, 4, 5, 0x50, 8954, 1
432, 06/25/2014 05:47:54 PM, 4.112, 4.130, 4.121, 4.183, 4.040, 3.968, 3.984, 4.016, 65.235, 0, 2, 2.602, 4.393, -12.841, -12.837, 32.554, 4.109, 26.750, 0, 0, 95, 4, 5, 0x50, 8955, 1
433, 06/25/2014 05:47:55 PM, 4.112, 4.130, 4.117, 4.179, 4.036, 3.962, 3.980, 4.011, 65.239, 0, 2, 2.602, 4.393, -12.839, -12.837, 32.527, 4.109, 26.850, 0, 0, 95, 4, 5, 0x50, 8956, 1
434, 06/25/2014 05:47:56 PM, 4.112, 4.132, 4.121, 4.181, 4.038, 3.974, 3.980, 4.011, 65.237, 0, 2, 2.602, 4.393, -12.841, -12.838, 32.549, 4.108, 26.850, 0, 0, 95, 4, 5, 0x50, 8957, 1
